2021-03-22 21:10:26,127 [Worker-0: Loading available Gradle versions] INFO  o.e.b.c.i.u.g.PublishedGradleVersions - Gradle version information cache is up-to-date. Trying to read.
2021-03-22 21:11:21,288 [Worker-10: Creating project "BankApplication"] INFO  o.e.m.c.i.l.LifecycleMappingFactory - Using org.eclipse.m2e.jdt.JarLifecycleMapping lifecycle mapping for MavenProject: bank:BankApplication:0.0.1-SNAPSHOT @ C:\Bank Application\BankApplication\pom.xml.
2021-03-22 21:11:21,785 [Worker-10: Creating project "BankApplication"] INFO  o.e.m.j.i.AbstractJavaProjectConfigurator - Adding source folder /BankApplication/src/main/java
2021-03-22 21:11:21,787 [Worker-10: Creating project "BankApplication"] INFO  o.e.m.j.i.AbstractJavaProjectConfigurator - Adding resource folder /BankApplication/src/main/resources
2021-03-22 21:11:21,788 [Worker-10: Creating project "BankApplication"] INFO  o.e.m.j.i.AbstractJavaProjectConfigurator - Adding source folder /BankApplication/src/test/java
2021-03-22 21:11:21,788 [Worker-10: Creating project "BankApplication"] INFO  o.e.m.j.i.AbstractJavaProjectConfigurator - Adding resource folder /BankApplication/src/test/resources
2021-03-22 21:11:22,662 [Worker-13: Building] WARN  o.e.m.c.i.embedder.EclipseLogger - Using platform encoding (Cp1252 actually) to copy filtered resources, i.e. build is platform dependent!
2021-03-22 21:11:22,672 [Worker-13: Building] INFO  o.e.m.c.i.embedder.EclipseLogger - Copying 0 resource
2021-03-22 21:11:22,675 [Worker-13: Building] WARN  o.e.m.c.i.embedder.EclipseLogger - Using platform encoding (Cp1252 actually) to copy filtered resources, i.e. build is platform dependent!
2021-03-22 21:11:22,676 [Worker-13: Building] INFO  o.e.m.c.i.embedder.EclipseLogger - Copying 0 resource
2021-03-22 21:29:12,280 [Worker-21: Building] INFO  o.e.m.c.i.l.LifecycleMappingFactory - Using org.eclipse.m2e.jdt.JarLifecycleMapping lifecycle mapping for MavenProject: bank:BankApplication:0.0.1-SNAPSHOT @ C:\Bank Application\BankApplication\pom.xml.
2021-03-22 21:29:12,434 [Worker-21: Building] WARN  o.e.m.c.i.embedder.EclipseLogger - Using platform encoding (Cp1252 actually) to copy filtered resources, i.e. build is platform dependent!
2021-03-22 21:29:12,436 [Worker-21: Building] INFO  o.e.m.c.i.embedder.EclipseLogger - Copying 0 resource
2021-03-22 21:29:12,438 [Worker-21: Building] WARN  o.e.m.c.i.embedder.EclipseLogger - Using platform encoding (Cp1252 actually) to copy filtered resources, i.e. build is platform dependent!
2021-03-22 21:29:12,439 [Worker-21: Building] INFO  o.e.m.c.i.embedder.EclipseLogger - Copying 0 resource
2021-03-22 21:29:22,516 [Worker-24: Updating Maven Project] INFO  o.e.m.c.i.p.ProjectConfigurationManager - Update started
2021-03-22 21:29:22,830 [Worker-24: Updating Maven Project] INFO  o.e.m.c.i.l.LifecycleMappingFactory - Using org.eclipse.m2e.jdt.JarLifecycleMapping lifecycle mapping for MavenProject: bank:BankApplication:0.0.1-SNAPSHOT @ C:\Bank Application\BankApplication\pom.xml.
2021-03-22 21:29:22,994 [Worker-24: Updating Maven Project] INFO  o.e.m.j.i.AbstractJavaProjectConfigurator - Adding source folder /BankApplication/src/main/java
2021-03-22 21:29:22,994 [Worker-24: Updating Maven Project] INFO  o.e.m.j.i.AbstractJavaProjectConfigurator - Adding resource folder /BankApplication/src/main/resources
2021-03-22 21:29:22,995 [Worker-24: Updating Maven Project] INFO  o.e.m.j.i.AbstractJavaProjectConfigurator - Adding source folder /BankApplication/src/test/java
2021-03-22 21:29:22,995 [Worker-24: Updating Maven Project] INFO  o.e.m.j.i.AbstractJavaProjectConfigurator - Adding resource folder /BankApplication/src/test/resources
2021-03-22 21:29:23,090 [Worker-24: Updating Maven Project] INFO  o.e.m.c.i.p.ProjectConfigurationManager - Update completed: 0 sec
2021-03-22 21:29:23,215 [Worker-24: Building] WARN  o.e.m.c.i.embedder.EclipseLogger - Using platform encoding (Cp1252 actually) to copy filtered resources, i.e. build is platform dependent!
2021-03-22 21:29:23,216 [Worker-24: Building] INFO  o.e.m.c.i.embedder.EclipseLogger - Copying 0 resource
2021-03-22 21:29:23,218 [Worker-24: Building] WARN  o.e.m.c.i.embedder.EclipseLogger - Using platform encoding (Cp1252 actually) to copy filtered resources, i.e. build is platform dependent!
2021-03-22 21:29:23,220 [Worker-24: Building] INFO  o.e.m.c.i.embedder.EclipseLogger - Copying 0 resource
2021-03-22 21:39:07,029 [Worker-32: Building] INFO  o.e.m.c.i.l.LifecycleMappingFactory - Using org.eclipse.m2e.jdt.JarLifecycleMapping lifecycle mapping for MavenProject: bank:BankApplication:0.0.1-SNAPSHOT @ C:\Bank Application\BankApplication\pom.xml.
2021-03-22 21:39:07,179 [Worker-32: Building] WARN  o.e.m.c.i.embedder.EclipseLogger - Using platform encoding (Cp1252 actually) to copy filtered resources, i.e. build is platform dependent!
2021-03-22 21:39:07,181 [Worker-32: Building] INFO  o.e.m.c.i.embedder.EclipseLogger - Copying 0 resource
2021-03-22 21:39:07,183 [Worker-32: Building] WARN  o.e.m.c.i.embedder.EclipseLogger - Using platform encoding (Cp1252 actually) to copy filtered resources, i.e. build is platform dependent!
2021-03-22 21:39:07,184 [Worker-32: Building] INFO  o.e.m.c.i.embedder.EclipseLogger - Copying 0 resource
2021-03-22 21:39:08,407 [Worker-29: Building] WARN  o.e.m.c.i.embedder.EclipseLogger - Using platform encoding (Cp1252 actually) to copy filtered resources, i.e. build is platform dependent!
2021-03-22 21:39:08,408 [Worker-29: Building] INFO  o.e.m.c.i.embedder.EclipseLogger - Copying 0 resource
2021-03-22 21:39:08,410 [Worker-29: Building] WARN  o.e.m.c.i.embedder.EclipseLogger - Using platform encoding (Cp1252 actually) to copy filtered resources, i.e. build is platform dependent!
2021-03-22 21:39:08,410 [Worker-29: Building] INFO  o.e.m.c.i.embedder.EclipseLogger - Copying 0 resource
2021-03-22 21:46:13,176 [Worker-38: Building] INFO  o.e.m.c.i.l.LifecycleMappingFactory - Using org.eclipse.m2e.jdt.JarLifecycleMapping lifecycle mapping for MavenProject: bank:BankApplication:0.0.1-SNAPSHOT @ C:\Bank Application\BankApplication\pom.xml.
2021-03-22 21:46:13,386 [Worker-38: Building] INFO  o.e.m.c.i.e.AbstractTransferListenerAdapter - Downloading https://repo.maven.apache.org/maven2/log4j/log4j/1.2.17/log4j-1.2.17.pom
2021-03-22 21:46:13,410 [Worker-38: Building] INFO  o.e.m.c.i.e.AbstractTransferListenerAdapter - Downloaded https://repo.maven.apache.org/maven2/log4j/log4j/1.2.17/log4j-1.2.17.pom
2021-03-22 21:46:13,428 [Worker-38: Building] INFO  o.e.m.c.i.e.AbstractTransferListenerAdapter - Downloading https://repo.maven.apache.org/maven2/log4j/log4j/1.2.17/log4j-1.2.17.jar
2021-03-22 21:46:13,721 [Worker-38: Building] INFO  o.e.m.c.i.e.AbstractTransferListenerAdapter - Downloaded https://repo.maven.apache.org/maven2/log4j/log4j/1.2.17/log4j-1.2.17.jar
2021-03-22 21:46:13,901 [Worker-38: Building] WARN  o.e.m.c.i.embedder.EclipseLogger - Using platform encoding (Cp1252 actually) to copy filtered resources, i.e. build is platform dependent!
2021-03-22 21:46:13,902 [Worker-38: Building] INFO  o.e.m.c.i.embedder.EclipseLogger - Copying 0 resource
2021-03-22 21:46:13,903 [Worker-38: Building] WARN  o.e.m.c.i.embedder.EclipseLogger - Using platform encoding (Cp1252 actually) to copy filtered resources, i.e. build is platform dependent!
2021-03-22 21:46:13,904 [Worker-38: Building] INFO  o.e.m.c.i.embedder.EclipseLogger - Copying 0 resource
2021-03-22 21:46:14,958 [Worker-34: Download sources and javadoc] INFO  o.e.m.c.i.e.AbstractTransferListenerAdapter - Downloading https://repo.maven.apache.org/maven2/log4j/log4j/1.2.17/log4j-1.2.17-sources.jar
2021-03-22 21:46:15,098 [Worker-36: Building] WARN  o.e.m.c.i.embedder.EclipseLogger - Using platform encoding (Cp1252 actually) to copy filtered resources, i.e. build is platform dependent!
2021-03-22 21:46:15,099 [Worker-36: Building] INFO  o.e.m.c.i.embedder.EclipseLogger - Copying 0 resource
2021-03-22 21:46:15,101 [Worker-36: Building] WARN  o.e.m.c.i.embedder.EclipseLogger - Using platform encoding (Cp1252 actually) to copy filtered resources, i.e. build is platform dependent!
2021-03-22 21:46:15,102 [Worker-36: Building] INFO  o.e.m.c.i.embedder.EclipseLogger - Copying 0 resource
2021-03-22 21:46:15,245 [Worker-34: Download sources and javadoc] INFO  o.e.m.c.i.e.AbstractTransferListenerAdapter - Downloaded https://repo.maven.apache.org/maven2/log4j/log4j/1.2.17/log4j-1.2.17-sources.jar
2021-03-22 21:46:15,270 [Worker-34: Download sources and javadoc] INFO  o.e.m.j.internal.DownloadSourcesJob - Downloaded sources for log4j:log4j:1.2.17
2021-03-22 21:46:16,177 [Worker-37: Building] WARN  o.e.m.c.i.embedder.EclipseLogger - Using platform encoding (Cp1252 actually) to copy filtered resources, i.e. build is platform dependent!
2021-03-22 21:46:16,178 [Worker-37: Building] INFO  o.e.m.c.i.embedder.EclipseLogger - Copying 0 resource
2021-03-22 21:46:16,179 [Worker-37: Building] WARN  o.e.m.c.i.embedder.EclipseLogger - Using platform encoding (Cp1252 actually) to copy filtered resources, i.e. build is platform dependent!
2021-03-22 21:46:16,180 [Worker-37: Building] INFO  o.e.m.c.i.embedder.EclipseLogger - Copying 0 resource
2021-03-22 21:47:13,328 [Worker-37: Building] INFO  o.e.m.c.i.l.LifecycleMappingFactory - Using org.eclipse.m2e.jdt.JarLifecycleMapping lifecycle mapping for MavenProject: bank:BankApplication:0.0.1-SNAPSHOT @ C:\Bank Application\BankApplication\pom.xml.
2021-03-22 21:47:13,488 [Worker-37: Building] WARN  o.e.m.c.i.embedder.EclipseLogger - Using platform encoding (Cp1252 actually) to copy filtered resources, i.e. build is platform dependent!
2021-03-22 21:47:13,490 [Worker-37: Building] INFO  o.e.m.c.i.embedder.EclipseLogger - Copying 0 resource
2021-03-22 21:47:13,492 [Worker-37: Building] WARN  o.e.m.c.i.embedder.EclipseLogger - Using platform encoding (Cp1252 actually) to copy filtered resources, i.e. build is platform dependent!
2021-03-22 21:47:13,493 [Worker-37: Building] INFO  o.e.m.c.i.embedder.EclipseLogger - Copying 0 resource
2021-03-22 21:47:14,741 [Worker-36: Building] WARN  o.e.m.c.i.embedder.EclipseLogger - Using platform encoding (Cp1252 actually) to copy filtered resources, i.e. build is platform dependent!
2021-03-22 21:47:14,742 [Worker-36: Building] INFO  o.e.m.c.i.embedder.EclipseLogger - Copying 0 resource
2021-03-22 21:47:14,743 [Worker-36: Building] WARN  o.e.m.c.i.embedder.EclipseLogger - Using platform encoding (Cp1252 actually) to copy filtered resources, i.e. build is platform dependent!
2021-03-22 21:47:14,743 [Worker-36: Building] INFO  o.e.m.c.i.embedder.EclipseLogger - Copying 0 resource
2021-03-22 21:48:16,958 [Worker-34: Building] WARN  o.e.m.c.i.embedder.EclipseLogger - Using platform encoding (Cp1252 actually) to copy filtered resources, i.e. build is platform dependent!
2021-03-22 21:48:16,960 [Worker-34: Building] INFO  o.e.m.c.i.embedder.EclipseLogger - Copying 0 resource
2021-03-22 21:48:16,961 [Worker-34: Building] WARN  o.e.m.c.i.embedder.EclipseLogger - Using platform encoding (Cp1252 actually) to copy filtered resources, i.e. build is platform dependent!
2021-03-22 21:48:16,962 [Worker-34: Building] INFO  o.e.m.c.i.embedder.EclipseLogger - Copying 0 resource
2021-03-22 21:48:17,997 [Worker-37: Building] WARN  o.e.m.c.i.embedder.EclipseLogger - Using platform encoding (Cp1252 actually) to copy filtered resources, i.e. build is platform dependent!
2021-03-22 21:48:17,999 [Worker-37: Building] INFO  o.e.m.c.i.embedder.EclipseLogger - Copying 0 resource
2021-03-22 21:48:18,000 [Worker-37: Building] WARN  o.e.m.c.i.embedder.EclipseLogger - Using platform encoding (Cp1252 actually) to copy filtered resources, i.e. build is platform dependent!
2021-03-22 21:48:18,001 [Worker-37: Building] INFO  o.e.m.c.i.embedder.EclipseLogger - Copying 0 resource
2021-03-22 21:50:11,817 [Worker-37: Building] WARN  o.e.m.c.i.embedder.EclipseLogger - Using platform encoding (Cp1252 actually) to copy filtered resources, i.e. build is platform dependent!
2021-03-22 21:50:11,819 [Worker-37: Building] INFO  o.e.m.c.i.embedder.EclipseLogger - Copying 0 resource
2021-03-22 21:50:11,820 [Worker-37: Building] WARN  o.e.m.c.i.embedder.EclipseLogger - Using platform encoding (Cp1252 actually) to copy filtered resources, i.e. build is platform dependent!
2021-03-22 21:50:11,821 [Worker-37: Building] INFO  o.e.m.c.i.embedder.EclipseLogger - Copying 0 resource
2021-03-22 21:50:38,548 [Worker-34: Building] WARN  o.e.m.c.i.embedder.EclipseLogger - Using platform encoding (Cp1252 actually) to copy filtered resources, i.e. build is platform dependent!
2021-03-22 21:50:38,549 [Worker-34: Building] INFO  o.e.m.c.i.embedder.EclipseLogger - Copying 0 resource
2021-03-22 21:50:38,550 [Worker-34: Building] WARN  o.e.m.c.i.embedder.EclipseLogger - Using platform encoding (Cp1252 actually) to copy filtered resources, i.e. build is platform dependent!
2021-03-22 21:50:38,551 [Worker-34: Building] INFO  o.e.m.c.i.embedder.EclipseLogger - Copying 0 resource
2021-03-22 21:55:18,631 [Worker-41: Building] WARN  o.e.m.c.i.embedder.EclipseLogger - Using platform encoding (Cp1252 actually) to copy filtered resources, i.e. build is platform dependent!
2021-03-22 21:55:18,632 [Worker-41: Building] INFO  o.e.m.c.i.embedder.EclipseLogger - Copying 0 resource
2021-03-22 21:55:18,633 [Worker-41: Building] WARN  o.e.m.c.i.embedder.EclipseLogger - Using platform encoding (Cp1252 actually) to copy filtered resources, i.e. build is platform dependent!
2021-03-22 21:55:18,634 [Worker-41: Building] INFO  o.e.m.c.i.embedder.EclipseLogger - Copying 0 resource
2021-03-22 21:55:56,447 [Worker-40: Building] WARN  o.e.m.c.i.embedder.EclipseLogger - Using platform encoding (Cp1252 actually) to copy filtered resources, i.e. build is platform dependent!
2021-03-22 21:55:56,448 [Worker-40: Building] INFO  o.e.m.c.i.embedder.EclipseLogger - Copying 0 resource
2021-03-22 21:55:56,451 [Worker-40: Building] WARN  o.e.m.c.i.embedder.EclipseLogger - Using platform encoding (Cp1252 actually) to copy filtered resources, i.e. build is platform dependent!
2021-03-22 21:55:56,452 [Worker-40: Building] INFO  o.e.m.c.i.embedder.EclipseLogger - Copying 0 resource
2021-03-22 21:56:57,862 [Worker-41: Building] WARN  o.e.m.c.i.embedder.EclipseLogger - Using platform encoding (Cp1252 actually) to copy filtered resources, i.e. build is platform dependent!
2021-03-22 21:56:57,863 [Worker-41: Building] INFO  o.e.m.c.i.embedder.EclipseLogger - Copying 0 resource
2021-03-22 21:56:57,864 [Worker-41: Building] WARN  o.e.m.c.i.embedder.EclipseLogger - Using platform encoding (Cp1252 actually) to copy filtered resources, i.e. build is platform dependent!
2021-03-22 21:56:57,865 [Worker-41: Building] INFO  o.e.m.c.i.embedder.EclipseLogger - Copying 0 resource
2021-03-22 21:57:53,341 [Worker-37: Building] WARN  o.e.m.c.i.embedder.EclipseLogger - Using platform encoding (Cp1252 actually) to copy filtered resources, i.e. build is platform dependent!
2021-03-22 21:57:53,342 [Worker-37: Building] INFO  o.e.m.c.i.embedder.EclipseLogger - Copying 0 resource
2021-03-22 21:57:53,343 [Worker-37: Building] WARN  o.e.m.c.i.embedder.EclipseLogger - Using platform encoding (Cp1252 actually) to copy filtered resources, i.e. build is platform dependent!
2021-03-22 21:57:53,344 [Worker-37: Building] INFO  o.e.m.c.i.embedder.EclipseLogger - Copying 0 resource
2021-03-22 21:58:39,232 [Worker-41: Building] WARN  o.e.m.c.i.embedder.EclipseLogger - Using platform encoding (Cp1252 actually) to copy filtered resources, i.e. build is platform dependent!
2021-03-22 21:58:39,234 [Worker-41: Building] INFO  o.e.m.c.i.embedder.EclipseLogger - Copying 0 resource
2021-03-22 21:58:39,235 [Worker-41: Building] WARN  o.e.m.c.i.embedder.EclipseLogger - Using platform encoding (Cp1252 actually) to copy filtered resources, i.e. build is platform dependent!
2021-03-22 21:58:39,236 [Worker-41: Building] INFO  o.e.m.c.i.embedder.EclipseLogger - Copying 0 resource
2021-03-22 21:59:39,700 [Worker-40: Building] WARN  o.e.m.c.i.embedder.EclipseLogger - Using platform encoding (Cp1252 actually) to copy filtered resources, i.e. build is platform dependent!
2021-03-22 21:59:39,701 [Worker-40: Building] INFO  o.e.m.c.i.embedder.EclipseLogger - Copying 0 resource
2021-03-22 21:59:39,703 [Worker-40: Building] WARN  o.e.m.c.i.embedder.EclipseLogger - Using platform encoding (Cp1252 actually) to copy filtered resources, i.e. build is platform dependent!
2021-03-22 21:59:39,704 [Worker-40: Building] INFO  o.e.m.c.i.embedder.EclipseLogger - Copying 0 resource
2021-03-22 22:03:19,105 [Worker-42: Building] WARN  o.e.m.c.i.embedder.EclipseLogger - Using platform encoding (Cp1252 actually) to copy filtered resources, i.e. build is platform dependent!
2021-03-22 22:03:19,106 [Worker-42: Building] INFO  o.e.m.c.i.embedder.EclipseLogger - Copying 0 resource
2021-03-22 22:03:19,107 [Worker-42: Building] WARN  o.e.m.c.i.embedder.EclipseLogger - Using platform encoding (Cp1252 actually) to copy filtered resources, i.e. build is platform dependent!
2021-03-22 22:03:19,108 [Worker-42: Building] INFO  o.e.m.c.i.embedder.EclipseLogger - Copying 0 resource
2021-03-22 22:47:12,098 [Worker-55: Building] WARN  o.e.m.c.i.embedder.EclipseLogger - Using platform encoding (Cp1252 actually) to copy filtered resources, i.e. build is platform dependent!
2021-03-22 22:47:12,100 [Worker-55: Building] INFO  o.e.m.c.i.embedder.EclipseLogger - Copying 0 resource
2021-03-22 22:47:12,102 [Worker-55: Building] WARN  o.e.m.c.i.embedder.EclipseLogger - Using platform encoding (Cp1252 actually) to copy filtered resources, i.e. build is platform dependent!
2021-03-22 22:47:12,108 [Worker-55: Building] INFO  o.e.m.c.i.embedder.EclipseLogger - Copying 0 resource
2021-03-22 22:47:33,985 [Worker-54: Building] WARN  o.e.m.c.i.embedder.EclipseLogger - Using platform encoding (Cp1252 actually) to copy filtered resources, i.e. build is platform dependent!
2021-03-22 22:47:33,986 [Worker-54: Building] INFO  o.e.m.c.i.embedder.EclipseLogger - Copying 0 resource
2021-03-22 22:47:33,987 [Worker-54: Building] WARN  o.e.m.c.i.embedder.EclipseLogger - Using platform encoding (Cp1252 actually) to copy filtered resources, i.e. build is platform dependent!
2021-03-22 22:47:33,987 [Worker-54: Building] INFO  o.e.m.c.i.embedder.EclipseLogger - Copying 0 resource
2021-03-22 22:47:55,826 [Worker-55: Building] WARN  o.e.m.c.i.embedder.EclipseLogger - Using platform encoding (Cp1252 actually) to copy filtered resources, i.e. build is platform dependent!
2021-03-22 22:47:55,827 [Worker-55: Building] INFO  o.e.m.c.i.embedder.EclipseLogger - Copying 0 resource
2021-03-22 22:47:55,830 [Worker-55: Building] WARN  o.e.m.c.i.embedder.EclipseLogger - Using platform encoding (Cp1252 actually) to copy filtered resources, i.e. build is platform dependent!
2021-03-22 22:47:55,832 [Worker-55: Building] INFO  o.e.m.c.i.embedder.EclipseLogger - Copying 0 resource
2021-03-22 22:48:20,963 [Worker-51: Building] WARN  o.e.m.c.i.embedder.EclipseLogger - Using platform encoding (Cp1252 actually) to copy filtered resources, i.e. build is platform dependent!
2021-03-22 22:48:20,965 [Worker-51: Building] INFO  o.e.m.c.i.embedder.EclipseLogger - Copying 0 resource
2021-03-22 22:48:20,966 [Worker-51: Building] WARN  o.e.m.c.i.embedder.EclipseLogger - Using platform encoding (Cp1252 actually) to copy filtered resources, i.e. build is platform dependent!
2021-03-22 22:48:20,967 [Worker-51: Building] INFO  o.e.m.c.i.embedder.EclipseLogger - Copying 0 resource
2021-03-22 23:04:20,235 [Worker-71: Building] WARN  o.e.m.c.i.embedder.EclipseLogger - Using platform encoding (Cp1252 actually) to copy filtered resources, i.e. build is platform dependent!
2021-03-22 23:04:20,236 [Worker-71: Building] INFO  o.e.m.c.i.embedder.EclipseLogger - Copying 0 resource
2021-03-22 23:04:20,237 [Worker-71: Building] WARN  o.e.m.c.i.embedder.EclipseLogger - Using platform encoding (Cp1252 actually) to copy filtered resources, i.e. build is platform dependent!
2021-03-22 23:04:20,238 [Worker-71: Building] INFO  o.e.m.c.i.embedder.EclipseLogger - Copying 0 resource
2021-03-22 23:04:41,632 [Worker-66: Building] WARN  o.e.m.c.i.embedder.EclipseLogger - Using platform encoding (Cp1252 actually) to copy filtered resources, i.e. build is platform dependent!
2021-03-22 23:04:41,633 [Worker-66: Building] INFO  o.e.m.c.i.embedder.EclipseLogger - Copying 0 resource
2021-03-22 23:04:41,634 [Worker-66: Building] WARN  o.e.m.c.i.embedder.EclipseLogger - Using platform encoding (Cp1252 actually) to copy filtered resources, i.e. build is platform dependent!
2021-03-22 23:04:41,634 [Worker-66: Building] INFO  o.e.m.c.i.embedder.EclipseLogger - Copying 0 resource
2021-03-22 23:08:56,355 [Worker-67: Building] WARN  o.e.m.c.i.embedder.EclipseLogger - Using platform encoding (Cp1252 actually) to copy filtered resources, i.e. build is platform dependent!
2021-03-22 23:08:56,356 [Worker-67: Building] INFO  o.e.m.c.i.embedder.EclipseLogger - Copying 0 resource
2021-03-22 23:08:56,357 [Worker-67: Building] WARN  o.e.m.c.i.embedder.EclipseLogger - Using platform encoding (Cp1252 actually) to copy filtered resources, i.e. build is platform dependent!
2021-03-22 23:08:56,358 [Worker-67: Building] INFO  o.e.m.c.i.embedder.EclipseLogger - Copying 0 resource
2021-03-22 23:10:58,168 [Worker-70: Building] WARN  o.e.m.c.i.embedder.EclipseLogger - Using platform encoding (Cp1252 actually) to copy filtered resources, i.e. build is platform dependent!
2021-03-22 23:10:58,169 [Worker-70: Building] INFO  o.e.m.c.i.embedder.EclipseLogger - Copying 0 resource
2021-03-22 23:10:58,170 [Worker-70: Building] WARN  o.e.m.c.i.embedder.EclipseLogger - Using platform encoding (Cp1252 actually) to copy filtered resources, i.e. build is platform dependent!
2021-03-22 23:10:58,171 [Worker-70: Building] INFO  o.e.m.c.i.embedder.EclipseLogger - Copying 0 resource
2021-03-22 23:14:07,598 [Worker-72: Building] WARN  o.e.m.c.i.embedder.EclipseLogger - Using platform encoding (Cp1252 actually) to copy filtered resources, i.e. build is platform dependent!
2021-03-22 23:14:07,599 [Worker-72: Building] INFO  o.e.m.c.i.embedder.EclipseLogger - Copying 0 resource
2021-03-22 23:14:07,600 [Worker-72: Building] WARN  o.e.m.c.i.embedder.EclipseLogger - Using platform encoding (Cp1252 actually) to copy filtered resources, i.e. build is platform dependent!
2021-03-22 23:14:07,600 [Worker-72: Building] INFO  o.e.m.c.i.embedder.EclipseLogger - Copying 0 resource
2021-03-22 23:14:39,894 [Worker-68: Building] WARN  o.e.m.c.i.embedder.EclipseLogger - Using platform encoding (Cp1252 actually) to copy filtered resources, i.e. build is platform dependent!
2021-03-22 23:14:39,895 [Worker-68: Building] INFO  o.e.m.c.i.embedder.EclipseLogger - Copying 0 resource
2021-03-22 23:14:39,896 [Worker-68: Building] WARN  o.e.m.c.i.embedder.EclipseLogger - Using platform encoding (Cp1252 actually) to copy filtered resources, i.e. build is platform dependent!
2021-03-22 23:14:39,897 [Worker-68: Building] INFO  o.e.m.c.i.embedder.EclipseLogger - Copying 0 resource
2021-03-23 11:25:33,225 [Worker-168: Building] WARN  o.e.m.c.i.embedder.EclipseLogger - Using platform encoding (Cp1252 actually) to copy filtered resources, i.e. build is platform dependent!
2021-03-23 11:25:33,238 [Worker-168: Building] INFO  o.e.m.c.i.embedder.EclipseLogger - Copying 0 resource
2021-03-23 11:25:33,243 [Worker-168: Building] WARN  o.e.m.c.i.embedder.EclipseLogger - Using platform encoding (Cp1252 actually) to copy filtered resources, i.e. build is platform dependent!
2021-03-23 11:25:33,246 [Worker-168: Building] INFO  o.e.m.c.i.embedder.EclipseLogger - Copying 0 resource
2021-03-23 11:47:51,985 [Worker-185: Launching MainDriver] WARN  o.e.m.c.i.embedder.EclipseLogger - Using platform encoding (Cp1252 actually) to copy filtered resources, i.e. build is platform dependent!
2021-03-23 11:47:51,986 [Worker-185: Launching MainDriver] INFO  o.e.m.c.i.embedder.EclipseLogger - Copying 0 resource
2021-03-23 11:47:51,987 [Worker-185: Launching MainDriver] WARN  o.e.m.c.i.embedder.EclipseLogger - Using platform encoding (Cp1252 actually) to copy filtered resources, i.e. build is platform dependent!
2021-03-23 11:47:51,988 [Worker-185: Launching MainDriver] INFO  o.e.m.c.i.embedder.EclipseLogger - Copying 0 resource
2021-03-23 11:49:27,954 [Worker-183: Launching MainDriver] WARN  o.e.m.c.i.embedder.EclipseLogger - Using platform encoding (Cp1252 actually) to copy filtered resources, i.e. build is platform dependent!
2021-03-23 11:49:27,955 [Worker-183: Launching MainDriver] INFO  o.e.m.c.i.embedder.EclipseLogger - Copying 0 resource
2021-03-23 11:49:27,956 [Worker-183: Launching MainDriver] WARN  o.e.m.c.i.embedder.EclipseLogger - Using platform encoding (Cp1252 actually) to copy filtered resources, i.e. build is platform dependent!
2021-03-23 11:49:27,957 [Worker-183: Launching MainDriver] INFO  o.e.m.c.i.embedder.EclipseLogger - Copying 0 resource
2021-03-23 11:52:03,325 [Worker-185: Launching MainDriver] WARN  o.e.m.c.i.embedder.EclipseLogger - Using platform encoding (Cp1252 actually) to copy filtered resources, i.e. build is platform dependent!
2021-03-23 11:52:03,326 [Worker-185: Launching MainDriver] INFO  o.e.m.c.i.embedder.EclipseLogger - Copying 0 resource
2021-03-23 11:52:03,328 [Worker-185: Launching MainDriver] WARN  o.e.m.c.i.embedder.EclipseLogger - Using platform encoding (Cp1252 actually) to copy filtered resources, i.e. build is platform dependent!
2021-03-23 11:52:03,328 [Worker-185: Launching MainDriver] INFO  o.e.m.c.i.embedder.EclipseLogger - Copying 0 resource
2021-03-23 11:52:25,160 [Worker-182: Launching MainDriver] WARN  o.e.m.c.i.embedder.EclipseLogger - Using platform encoding (Cp1252 actually) to copy filtered resources, i.e. build is platform dependent!
2021-03-23 11:52:25,161 [Worker-182: Launching MainDriver] INFO  o.e.m.c.i.embedder.EclipseLogger - Copying 0 resource
2021-03-23 11:52:25,162 [Worker-182: Launching MainDriver] WARN  o.e.m.c.i.embedder.EclipseLogger - Using platform encoding (Cp1252 actually) to copy filtered resources, i.e. build is platform dependent!
2021-03-23 11:52:25,163 [Worker-182: Launching MainDriver] INFO  o.e.m.c.i.embedder.EclipseLogger - Copying 0 resource
2021-03-23 11:52:33,865 [Worker-182: Launching MainDriver] WARN  o.e.m.c.i.embedder.EclipseLogger - Using platform encoding (Cp1252 actually) to copy filtered resources, i.e. build is platform dependent!
2021-03-23 11:52:33,866 [Worker-182: Launching MainDriver] INFO  o.e.m.c.i.embedder.EclipseLogger - Copying 0 resource
2021-03-23 11:52:33,867 [Worker-182: Launching MainDriver] WARN  o.e.m.c.i.embedder.EclipseLogger - Using platform encoding (Cp1252 actually) to copy filtered resources, i.e. build is platform dependent!
2021-03-23 11:52:33,868 [Worker-182: Launching MainDriver] INFO  o.e.m.c.i.embedder.EclipseLogger - Copying 0 resource
2021-03-23 11:54:08,456 [Worker-182: Launching MainDriver] WARN  o.e.m.c.i.embedder.EclipseLogger - Using platform encoding (Cp1252 actually) to copy filtered resources, i.e. build is platform dependent!
2021-03-23 11:54:08,457 [Worker-182: Launching MainDriver] INFO  o.e.m.c.i.embedder.EclipseLogger - Copying 0 resource
2021-03-23 11:54:08,458 [Worker-182: Launching MainDriver] WARN  o.e.m.c.i.embedder.EclipseLogger - Using platform encoding (Cp1252 actually) to copy filtered resources, i.e. build is platform dependent!
2021-03-23 11:54:08,459 [Worker-182: Launching MainDriver] INFO  o.e.m.c.i.embedder.EclipseLogger - Copying 0 resource
2021-03-23 11:56:28,959 [Worker-186: Launching MainDriver] WARN  o.e.m.c.i.embedder.EclipseLogger - Using platform encoding (Cp1252 actually) to copy filtered resources, i.e. build is platform dependent!
2021-03-23 11:56:28,960 [Worker-186: Launching MainDriver] INFO  o.e.m.c.i.embedder.EclipseLogger - Copying 0 resource
2021-03-23 11:56:28,962 [Worker-186: Launching MainDriver] WARN  o.e.m.c.i.embedder.EclipseLogger - Using platform encoding (Cp1252 actually) to copy filtered resources, i.e. build is platform dependent!
2021-03-23 11:56:28,963 [Worker-186: Launching MainDriver] INFO  o.e.m.c.i.embedder.EclipseLogger - Copying 0 resource
2021-03-23 12:06:59,281 [Worker-185: Launching MainDriver] WARN  o.e.m.c.i.embedder.EclipseLogger - Using platform encoding (Cp1252 actually) to copy filtered resources, i.e. build is platform dependent!
2021-03-23 12:06:59,282 [Worker-185: Launching MainDriver] INFO  o.e.m.c.i.embedder.EclipseLogger - Copying 0 resource
2021-03-23 12:06:59,287 [Worker-185: Launching MainDriver] WARN  o.e.m.c.i.embedder.EclipseLogger - Using platform encoding (Cp1252 actually) to copy filtered resources, i.e. build is platform dependent!
2021-03-23 12:06:59,287 [Worker-185: Launching MainDriver] INFO  o.e.m.c.i.embedder.EclipseLogger - Copying 0 resource
2021-03-23 12:07:53,745 [Worker-185: Launching MainDriver] WARN  o.e.m.c.i.embedder.EclipseLogger - Using platform encoding (Cp1252 actually) to copy filtered resources, i.e. build is platform dependent!
2021-03-23 12:07:53,746 [Worker-185: Launching MainDriver] INFO  o.e.m.c.i.embedder.EclipseLogger - Copying 0 resource
2021-03-23 12:07:53,747 [Worker-185: Launching MainDriver] WARN  o.e.m.c.i.embedder.EclipseLogger - Using platform encoding (Cp1252 actually) to copy filtered resources, i.e. build is platform dependent!
2021-03-23 12:07:53,748 [Worker-185: Launching MainDriver] INFO  o.e.m.c.i.embedder.EclipseLogger - Copying 0 resource
2021-03-23 12:10:00,449 [Worker-194: Building] WARN  o.e.m.c.i.embedder.EclipseLogger - Using platform encoding (Cp1252 actually) to copy filtered resources, i.e. build is platform dependent!
2021-03-23 12:10:00,450 [Worker-194: Building] INFO  o.e.m.c.i.embedder.EclipseLogger - Copying 0 resource
2021-03-23 12:10:00,451 [Worker-194: Building] WARN  o.e.m.c.i.embedder.EclipseLogger - Using platform encoding (Cp1252 actually) to copy filtered resources, i.e. build is platform dependent!
2021-03-23 12:10:00,452 [Worker-194: Building] INFO  o.e.m.c.i.embedder.EclipseLogger - Copying 0 resource
2021-03-23 14:47:21,861 [Worker-221: Building] WARN  o.e.m.c.i.embedder.EclipseLogger - Using platform encoding (Cp1252 actually) to copy filtered resources, i.e. build is platform dependent!
2021-03-23 14:47:21,867 [Worker-221: Building] INFO  o.e.m.c.i.embedder.EclipseLogger - Copying 0 resource
2021-03-23 14:47:21,868 [Worker-221: Building] WARN  o.e.m.c.i.embedder.EclipseLogger - Using platform encoding (Cp1252 actually) to copy filtered resources, i.e. build is platform dependent!
2021-03-23 14:47:21,869 [Worker-221: Building] INFO  o.e.m.c.i.embedder.EclipseLogger - Copying 0 resource
2021-03-23 14:54:29,156 [Worker-227: Launching MainDriver] WARN  o.e.m.c.i.embedder.EclipseLogger - Using platform encoding (Cp1252 actually) to copy filtered resources, i.e. build is platform dependent!
2021-03-23 14:54:29,157 [Worker-227: Launching MainDriver] INFO  o.e.m.c.i.embedder.EclipseLogger - Copying 0 resource
2021-03-23 14:54:29,159 [Worker-227: Launching MainDriver] WARN  o.e.m.c.i.embedder.EclipseLogger - Using platform encoding (Cp1252 actually) to copy filtered resources, i.e. build is platform dependent!
2021-03-23 14:54:29,160 [Worker-227: Launching MainDriver] INFO  o.e.m.c.i.embedder.EclipseLogger - Copying 0 resource
2021-03-23 14:59:22,836 [Worker-225: Building] WARN  o.e.m.c.i.embedder.EclipseLogger - Using platform encoding (Cp1252 actually) to copy filtered resources, i.e. build is platform dependent!
2021-03-23 14:59:22,837 [Worker-225: Building] INFO  o.e.m.c.i.embedder.EclipseLogger - Copying 0 resource
2021-03-23 14:59:22,838 [Worker-225: Building] WARN  o.e.m.c.i.embedder.EclipseLogger - Using platform encoding (Cp1252 actually) to copy filtered resources, i.e. build is platform dependent!
2021-03-23 14:59:22,838 [Worker-225: Building] INFO  o.e.m.c.i.embedder.EclipseLogger - Copying 0 resource
2021-03-23 18:20:50,407 [Worker-247: Building] WARN  o.e.m.c.i.embedder.EclipseLogger - Using platform encoding (Cp1252 actually) to copy filtered resources, i.e. build is platform dependent!
2021-03-23 18:20:50,412 [Worker-247: Building] INFO  o.e.m.c.i.embedder.EclipseLogger - Copying 0 resource
2021-03-23 18:20:50,413 [Worker-247: Building] WARN  o.e.m.c.i.embedder.EclipseLogger - Using platform encoding (Cp1252 actually) to copy filtered resources, i.e. build is platform dependent!
2021-03-23 18:20:50,414 [Worker-247: Building] INFO  o.e.m.c.i.embedder.EclipseLogger - Copying 0 resource
2021-03-23 18:32:42,364 [Worker-248: Launching MainDriver] WARN  o.e.m.c.i.embedder.EclipseLogger - Using platform encoding (Cp1252 actually) to copy filtered resources, i.e. build is platform dependent!
2021-03-23 18:32:42,366 [Worker-248: Launching MainDriver] INFO  o.e.m.c.i.embedder.EclipseLogger - Copying 0 resource
2021-03-23 18:32:42,368 [Worker-248: Launching MainDriver] WARN  o.e.m.c.i.embedder.EclipseLogger - Using platform encoding (Cp1252 actually) to copy filtered resources, i.e. build is platform dependent!
2021-03-23 18:32:42,369 [Worker-248: Launching MainDriver] INFO  o.e.m.c.i.embedder.EclipseLogger - Copying 0 resource
2021-03-23 18:36:53,962 [Worker-253: Building] WARN  o.e.m.c.i.embedder.EclipseLogger - Using platform encoding (Cp1252 actually) to copy filtered resources, i.e. build is platform dependent!
2021-03-23 18:36:53,963 [Worker-253: Building] INFO  o.e.m.c.i.embedder.EclipseLogger - Copying 0 resource
2021-03-23 18:36:53,966 [Worker-253: Building] WARN  o.e.m.c.i.embedder.EclipseLogger - Using platform encoding (Cp1252 actually) to copy filtered resources, i.e. build is platform dependent!
2021-03-23 18:36:53,968 [Worker-253: Building] INFO  o.e.m.c.i.embedder.EclipseLogger - Copying 0 resource
2021-03-23 18:42:33,403 [Worker-260: Building] WARN  o.e.m.c.i.embedder.EclipseLogger - Using platform encoding (Cp1252 actually) to copy filtered resources, i.e. build is platform dependent!
2021-03-23 18:42:33,404 [Worker-260: Building] INFO  o.e.m.c.i.embedder.EclipseLogger - Copying 0 resource
2021-03-23 18:42:33,406 [Worker-260: Building] WARN  o.e.m.c.i.embedder.EclipseLogger - Using platform encoding (Cp1252 actually) to copy filtered resources, i.e. build is platform dependent!
2021-03-23 18:42:33,407 [Worker-260: Building] INFO  o.e.m.c.i.embedder.EclipseLogger - Copying 0 resource
2021-03-23 18:49:02,461 [Worker-266: Building] WARN  o.e.m.c.i.embedder.EclipseLogger - Using platform encoding (Cp1252 actually) to copy filtered resources, i.e. build is platform dependent!
2021-03-23 18:49:02,462 [Worker-266: Building] INFO  o.e.m.c.i.embedder.EclipseLogger - Copying 0 resource
2021-03-23 18:49:02,463 [Worker-266: Building] WARN  o.e.m.c.i.embedder.EclipseLogger - Using platform encoding (Cp1252 actually) to copy filtered resources, i.e. build is platform dependent!
2021-03-23 18:49:02,463 [Worker-266: Building] INFO  o.e.m.c.i.embedder.EclipseLogger - Copying 0 resource
2021-03-23 18:49:26,639 [Worker-265: Launching MainDriver] WARN  o.e.m.c.i.embedder.EclipseLogger - Using platform encoding (Cp1252 actually) to copy filtered resources, i.e. build is platform dependent!
2021-03-23 18:49:26,641 [Worker-265: Launching MainDriver] INFO  o.e.m.c.i.embedder.EclipseLogger - Copying 0 resource
2021-03-23 18:49:26,642 [Worker-265: Launching MainDriver] WARN  o.e.m.c.i.embedder.EclipseLogger - Using platform encoding (Cp1252 actually) to copy filtered resources, i.e. build is platform dependent!
2021-03-23 18:49:26,643 [Worker-265: Launching MainDriver] INFO  o.e.m.c.i.embedder.EclipseLogger - Copying 0 resource
2021-03-23 18:49:39,693 [Worker-252: Launching MainDriver] WARN  o.e.m.c.i.embedder.EclipseLogger - Using platform encoding (Cp1252 actually) to copy filtered resources, i.e. build is platform dependent!
2021-03-23 18:49:39,694 [Worker-252: Launching MainDriver] INFO  o.e.m.c.i.embedder.EclipseLogger - Copying 0 resource
2021-03-23 18:49:39,695 [Worker-252: Launching MainDriver] WARN  o.e.m.c.i.embedder.EclipseLogger - Using platform encoding (Cp1252 actually) to copy filtered resources, i.e. build is platform dependent!
2021-03-23 18:49:39,696 [Worker-252: Launching MainDriver] INFO  o.e.m.c.i.embedder.EclipseLogger - Copying 0 resource
2021-03-23 18:51:50,733 [Worker-266: Launching MainDriver] WARN  o.e.m.c.i.embedder.EclipseLogger - Using platform encoding (Cp1252 actually) to copy filtered resources, i.e. build is platform dependent!
2021-03-23 18:51:50,735 [Worker-266: Launching MainDriver] INFO  o.e.m.c.i.embedder.EclipseLogger - Copying 0 resource
2021-03-23 18:51:50,736 [Worker-266: Launching MainDriver] WARN  o.e.m.c.i.embedder.EclipseLogger - Using platform encoding (Cp1252 actually) to copy filtered resources, i.e. build is platform dependent!
2021-03-23 18:51:50,736 [Worker-266: Launching MainDriver] INFO  o.e.m.c.i.embedder.EclipseLogger - Copying 0 resource
2021-03-23 18:53:10,769 [Worker-265: Building] WARN  o.e.m.c.i.embedder.EclipseLogger - Using platform encoding (Cp1252 actually) to copy filtered resources, i.e. build is platform dependent!
2021-03-23 18:53:10,769 [Worker-265: Building] INFO  o.e.m.c.i.embedder.EclipseLogger - Copying 0 resource
2021-03-23 18:53:10,770 [Worker-265: Building] WARN  o.e.m.c.i.embedder.EclipseLogger - Using platform encoding (Cp1252 actually) to copy filtered resources, i.e. build is platform dependent!
2021-03-23 18:53:10,771 [Worker-265: Building] INFO  o.e.m.c.i.embedder.EclipseLogger - Copying 0 resource
2021-03-23 19:13:11,184 [Worker-277: Building] WARN  o.e.m.c.i.embedder.EclipseLogger - Using platform encoding (Cp1252 actually) to copy filtered resources, i.e. build is platform dependent!
2021-03-23 19:13:11,185 [Worker-277: Building] INFO  o.e.m.c.i.embedder.EclipseLogger - Copying 0 resource
2021-03-23 19:13:11,186 [Worker-277: Building] WARN  o.e.m.c.i.embedder.EclipseLogger - Using platform encoding (Cp1252 actually) to copy filtered resources, i.e. build is platform dependent!
2021-03-23 19:13:11,186 [Worker-277: Building] INFO  o.e.m.c.i.embedder.EclipseLogger - Copying 0 resource
2021-03-23 19:23:41,946 [Worker-280: Building] WARN  o.e.m.c.i.embedder.EclipseLogger - Using platform encoding (Cp1252 actually) to copy filtered resources, i.e. build is platform dependent!
2021-03-23 19:23:41,947 [Worker-280: Building] INFO  o.e.m.c.i.embedder.EclipseLogger - Copying 0 resource
2021-03-23 19:23:41,949 [Worker-280: Building] WARN  o.e.m.c.i.embedder.EclipseLogger - Using platform encoding (Cp1252 actually) to copy filtered resources, i.e. build is platform dependent!
2021-03-23 19:23:41,950 [Worker-280: Building] INFO  o.e.m.c.i.embedder.EclipseLogger - Copying 0 resource
2021-03-23 20:25:31,434 [Worker-301: Building] WARN  o.e.m.c.i.embedder.EclipseLogger - Using platform encoding (Cp1252 actually) to copy filtered resources, i.e. build is platform dependent!
2021-03-23 20:25:31,437 [Worker-301: Building] INFO  o.e.m.c.i.embedder.EclipseLogger - Copying 0 resource
2021-03-23 20:25:31,438 [Worker-301: Building] WARN  o.e.m.c.i.embedder.EclipseLogger - Using platform encoding (Cp1252 actually) to copy filtered resources, i.e. build is platform dependent!
2021-03-23 20:25:31,439 [Worker-301: Building] INFO  o.e.m.c.i.embedder.EclipseLogger - Copying 0 resource
2021-03-23 20:31:29,685 [Worker-304: Building] WARN  o.e.m.c.i.embedder.EclipseLogger - Using platform encoding (Cp1252 actually) to copy filtered resources, i.e. build is platform dependent!
2021-03-23 20:31:29,686 [Worker-304: Building] INFO  o.e.m.c.i.embedder.EclipseLogger - Copying 0 resource
2021-03-23 20:31:29,687 [Worker-304: Building] WARN  o.e.m.c.i.embedder.EclipseLogger - Using platform encoding (Cp1252 actually) to copy filtered resources, i.e. build is platform dependent!
2021-03-23 20:31:29,688 [Worker-304: Building] INFO  o.e.m.c.i.embedder.EclipseLogger - Copying 0 resource
2021-03-23 20:33:51,647 [Worker-304: Building] WARN  o.e.m.c.i.embedder.EclipseLogger - Using platform encoding (Cp1252 actually) to copy filtered resources, i.e. build is platform dependent!
2021-03-23 20:33:51,648 [Worker-304: Building] INFO  o.e.m.c.i.embedder.EclipseLogger - Copying 0 resource
2021-03-23 20:33:51,649 [Worker-304: Building] WARN  o.e.m.c.i.embedder.EclipseLogger - Using platform encoding (Cp1252 actually) to copy filtered resources, i.e. build is platform dependent!
2021-03-23 20:33:51,650 [Worker-304: Building] INFO  o.e.m.c.i.embedder.EclipseLogger - Copying 0 resource
2021-03-23 20:52:20,860 [Worker-308: Launching MainDriver] WARN  o.e.m.c.i.embedder.EclipseLogger - Using platform encoding (Cp1252 actually) to copy filtered resources, i.e. build is platform dependent!
2021-03-23 20:52:20,862 [Worker-308: Launching MainDriver] INFO  o.e.m.c.i.embedder.EclipseLogger - Copying 0 resource
2021-03-23 20:52:20,863 [Worker-308: Launching MainDriver] WARN  o.e.m.c.i.embedder.EclipseLogger - Using platform encoding (Cp1252 actually) to copy filtered resources, i.e. build is platform dependent!
2021-03-23 20:52:20,864 [Worker-308: Launching MainDriver] INFO  o.e.m.c.i.embedder.EclipseLogger - Copying 0 resource
2021-03-23 20:53:30,349 [Worker-310: Building] WARN  o.e.m.c.i.embedder.EclipseLogger - Using platform encoding (Cp1252 actually) to copy filtered resources, i.e. build is platform dependent!
2021-03-23 20:53:30,350 [Worker-310: Building] INFO  o.e.m.c.i.embedder.EclipseLogger - Copying 0 resource
2021-03-23 20:53:30,350 [Worker-310: Building] WARN  o.e.m.c.i.embedder.EclipseLogger - Using platform encoding (Cp1252 actually) to copy filtered resources, i.e. build is platform dependent!
2021-03-23 20:53:30,351 [Worker-310: Building] INFO  o.e.m.c.i.embedder.EclipseLogger - Copying 0 resource
2021-03-23 21:02:31,509 [Worker-312: Launching MainDriver] WARN  o.e.m.c.i.embedder.EclipseLogger - Using platform encoding (Cp1252 actually) to copy filtered resources, i.e. build is platform dependent!
2021-03-23 21:02:31,511 [Worker-312: Launching MainDriver] INFO  o.e.m.c.i.embedder.EclipseLogger - Copying 0 resource
2021-03-23 21:02:31,512 [Worker-312: Launching MainDriver] WARN  o.e.m.c.i.embedder.EclipseLogger - Using platform encoding (Cp1252 actually) to copy filtered resources, i.e. build is platform dependent!
2021-03-23 21:02:31,513 [Worker-312: Launching MainDriver] INFO  o.e.m.c.i.embedder.EclipseLogger - Copying 0 resource
2021-03-23 21:12:20,310 [Worker-314: Launching MainDriver] WARN  o.e.m.c.i.embedder.EclipseLogger - Using platform encoding (Cp1252 actually) to copy filtered resources, i.e. build is platform dependent!
2021-03-23 21:12:20,312 [Worker-314: Launching MainDriver] INFO  o.e.m.c.i.embedder.EclipseLogger - Copying 0 resource
2021-03-23 21:12:20,314 [Worker-314: Launching MainDriver] WARN  o.e.m.c.i.embedder.EclipseLogger - Using platform encoding (Cp1252 actually) to copy filtered resources, i.e. build is platform dependent!
2021-03-23 21:12:20,315 [Worker-314: Launching MainDriver] INFO  o.e.m.c.i.embedder.EclipseLogger - Copying 0 resource
2021-03-23 22:07:30,161 [Worker-331: Launching MainDriver] WARN  o.e.m.c.i.embedder.EclipseLogger - Using platform encoding (Cp1252 actually) to copy filtered resources, i.e. build is platform dependent!
2021-03-23 22:07:30,165 [Worker-331: Launching MainDriver] INFO  o.e.m.c.i.embedder.EclipseLogger - Copying 0 resource
2021-03-23 22:07:30,171 [Worker-331: Launching MainDriver] WARN  o.e.m.c.i.embedder.EclipseLogger - Using platform encoding (Cp1252 actually) to copy filtered resources, i.e. build is platform dependent!
2021-03-23 22:07:30,172 [Worker-331: Launching MainDriver] INFO  o.e.m.c.i.embedder.EclipseLogger - Copying 0 resource
2021-03-24 06:38:23,435 [Worker-356: Launching MainDriver] WARN  o.e.m.c.i.embedder.EclipseLogger - Using platform encoding (Cp1252 actually) to copy filtered resources, i.e. build is platform dependent!
2021-03-24 06:38:23,438 [Worker-356: Launching MainDriver] INFO  o.e.m.c.i.embedder.EclipseLogger - Copying 0 resource
2021-03-24 06:38:23,440 [Worker-356: Launching MainDriver] WARN  o.e.m.c.i.embedder.EclipseLogger - Using platform encoding (Cp1252 actually) to copy filtered resources, i.e. build is platform dependent!
2021-03-24 06:38:23,442 [Worker-356: Launching MainDriver] INFO  o.e.m.c.i.embedder.EclipseLogger - Copying 0 resource
2021-03-24 06:57:22,268 [Worker-359: Building] WARN  o.e.m.c.i.embedder.EclipseLogger - Using platform encoding (Cp1252 actually) to copy filtered resources, i.e. build is platform dependent!
2021-03-24 06:57:22,270 [Worker-359: Building] INFO  o.e.m.c.i.embedder.EclipseLogger - Copying 0 resource
2021-03-24 06:57:22,271 [Worker-359: Building] WARN  o.e.m.c.i.embedder.EclipseLogger - Using platform encoding (Cp1252 actually) to copy filtered resources, i.e. build is platform dependent!
2021-03-24 06:57:22,272 [Worker-359: Building] INFO  o.e.m.c.i.embedder.EclipseLogger - Copying 0 resource
2021-03-24 07:00:22,948 [Worker-362: Launching MainDriver] WARN  o.e.m.c.i.embedder.EclipseLogger - Using platform encoding (Cp1252 actually) to copy filtered resources, i.e. build is platform dependent!
2021-03-24 07:00:22,950 [Worker-362: Launching MainDriver] INFO  o.e.m.c.i.embedder.EclipseLogger - Copying 0 resource
2021-03-24 07:00:22,951 [Worker-362: Launching MainDriver] WARN  o.e.m.c.i.embedder.EclipseLogger - Using platform encoding (Cp1252 actually) to copy filtered resources, i.e. build is platform dependent!
2021-03-24 07:00:22,951 [Worker-362: Launching MainDriver] INFO  o.e.m.c.i.embedder.EclipseLogger - Copying 0 resource
2021-03-24 07:01:01,858 [Worker-359: Launching MainDriver] WARN  o.e.m.c.i.embedder.EclipseLogger - Using platform encoding (Cp1252 actually) to copy filtered resources, i.e. build is platform dependent!
2021-03-24 07:01:01,859 [Worker-359: Launching MainDriver] INFO  o.e.m.c.i.embedder.EclipseLogger - Copying 0 resource
2021-03-24 07:01:01,860 [Worker-359: Launching MainDriver] WARN  o.e.m.c.i.embedder.EclipseLogger - Using platform encoding (Cp1252 actually) to copy filtered resources, i.e. build is platform dependent!
2021-03-24 07:01:01,861 [Worker-359: Launching MainDriver] INFO  o.e.m.c.i.embedder.EclipseLogger - Copying 0 resource
2021-03-24 08:38:10,969 [Worker-381: Building] WARN  o.e.m.c.i.embedder.EclipseLogger - Using platform encoding (Cp1252 actually) to copy filtered resources, i.e. build is platform dependent!
2021-03-24 08:38:10,971 [Worker-381: Building] INFO  o.e.m.c.i.embedder.EclipseLogger - Copying 0 resource
2021-03-24 08:38:10,972 [Worker-381: Building] WARN  o.e.m.c.i.embedder.EclipseLogger - Using platform encoding (Cp1252 actually) to copy filtered resources, i.e. build is platform dependent!
2021-03-24 08:38:10,973 [Worker-381: Building] INFO  o.e.m.c.i.embedder.EclipseLogger - Copying 0 resource
2021-03-24 08:41:51,812 [Worker-380: Building] WARN  o.e.m.c.i.embedder.EclipseLogger - Using platform encoding (Cp1252 actually) to copy filtered resources, i.e. build is platform dependent!
2021-03-24 08:41:51,814 [Worker-380: Building] INFO  o.e.m.c.i.embedder.EclipseLogger - Copying 0 resource
2021-03-24 08:41:51,814 [Worker-380: Building] WARN  o.e.m.c.i.embedder.EclipseLogger - Using platform encoding (Cp1252 actually) to copy filtered resources, i.e. build is platform dependent!
2021-03-24 08:41:51,815 [Worker-380: Building] INFO  o.e.m.c.i.embedder.EclipseLogger - Copying 0 resource
2021-03-24 09:11:05,527 [Worker-388: Building] WARN  o.e.m.c.i.embedder.EclipseLogger - Using platform encoding (Cp1252 actually) to copy filtered resources, i.e. build is platform dependent!
2021-03-24 09:11:05,528 [Worker-388: Building] INFO  o.e.m.c.i.embedder.EclipseLogger - Copying 0 resource
2021-03-24 09:11:05,529 [Worker-388: Building] WARN  o.e.m.c.i.embedder.EclipseLogger - Using platform encoding (Cp1252 actually) to copy filtered resources, i.e. build is platform dependent!
2021-03-24 09:11:05,529 [Worker-388: Building] INFO  o.e.m.c.i.embedder.EclipseLogger - Copying 0 resource
2021-03-24 09:48:10,783 [Worker-400: Launching MainDriver] WARN  o.e.m.c.i.embedder.EclipseLogger - Using platform encoding (Cp1252 actually) to copy filtered resources, i.e. build is platform dependent!
2021-03-24 09:48:10,785 [Worker-400: Launching MainDriver] INFO  o.e.m.c.i.embedder.EclipseLogger - Copying 0 resource
2021-03-24 09:48:10,786 [Worker-400: Launching MainDriver] WARN  o.e.m.c.i.embedder.EclipseLogger - Using platform encoding (Cp1252 actually) to copy filtered resources, i.e. build is platform dependent!
2021-03-24 09:48:10,787 [Worker-400: Launching MainDriver] INFO  o.e.m.c.i.embedder.EclipseLogger - Copying 0 resource
2021-03-24 09:48:50,524 [Worker-395: Launching MainDriver] WARN  o.e.m.c.i.embedder.EclipseLogger - Using platform encoding (Cp1252 actually) to copy filtered resources, i.e. build is platform dependent!
2021-03-24 09:48:50,525 [Worker-395: Launching MainDriver] INFO  o.e.m.c.i.embedder.EclipseLogger - Copying 0 resource
2021-03-24 09:48:50,526 [Worker-395: Launching MainDriver] WARN  o.e.m.c.i.embedder.EclipseLogger - Using platform encoding (Cp1252 actually) to copy filtered resources, i.e. build is platform dependent!
2021-03-24 09:48:50,527 [Worker-395: Launching MainDriver] INFO  o.e.m.c.i.embedder.EclipseLogger - Copying 0 resource
2021-03-24 09:49:27,882 [Worker-395: Launching MainDriver] WARN  o.e.m.c.i.embedder.EclipseLogger - Using platform encoding (Cp1252 actually) to copy filtered resources, i.e. build is platform dependent!
2021-03-24 09:49:27,883 [Worker-395: Launching MainDriver] INFO  o.e.m.c.i.embedder.EclipseLogger - Copying 0 resource
2021-03-24 09:49:27,886 [Worker-395: Launching MainDriver] WARN  o.e.m.c.i.embedder.EclipseLogger - Using platform encoding (Cp1252 actually) to copy filtered resources, i.e. build is platform dependent!
2021-03-24 09:49:27,887 [Worker-395: Launching MainDriver] INFO  o.e.m.c.i.embedder.EclipseLogger - Copying 0 resource
2021-03-24 09:50:05,237 [Worker-403: Launching MainDriver] WARN  o.e.m.c.i.embedder.EclipseLogger - Using platform encoding (Cp1252 actually) to copy filtered resources, i.e. build is platform dependent!
2021-03-24 09:50:05,238 [Worker-403: Launching MainDriver] INFO  o.e.m.c.i.embedder.EclipseLogger - Copying 0 resource
2021-03-24 09:50:05,240 [Worker-403: Launching MainDriver] WARN  o.e.m.c.i.embedder.EclipseLogger - Using platform encoding (Cp1252 actually) to copy filtered resources, i.e. build is platform dependent!
2021-03-24 09:50:05,240 [Worker-403: Launching MainDriver] INFO  o.e.m.c.i.embedder.EclipseLogger - Copying 0 resource
2021-03-24 09:53:12,043 [Worker-402: Building] WARN  o.e.m.c.i.embedder.EclipseLogger - Using platform encoding (Cp1252 actually) to copy filtered resources, i.e. build is platform dependent!
2021-03-24 09:53:12,044 [Worker-402: Building] INFO  o.e.m.c.i.embedder.EclipseLogger - Copying 0 resource
2021-03-24 09:53:12,045 [Worker-402: Building] WARN  o.e.m.c.i.embedder.EclipseLogger - Using platform encoding (Cp1252 actually) to copy filtered resources, i.e. build is platform dependent!
2021-03-24 09:53:12,045 [Worker-402: Building] INFO  o.e.m.c.i.embedder.EclipseLogger - Copying 0 resource
2021-03-24 10:29:05,801 [Worker-405: Building] WARN  o.e.m.c.i.embedder.EclipseLogger - Using platform encoding (Cp1252 actually) to copy filtered resources, i.e. build is platform dependent!
2021-03-24 10:29:05,802 [Worker-405: Building] INFO  o.e.m.c.i.embedder.EclipseLogger - Copying 0 resource
2021-03-24 10:29:05,803 [Worker-405: Building] WARN  o.e.m.c.i.embedder.EclipseLogger - Using platform encoding (Cp1252 actually) to copy filtered resources, i.e. build is platform dependent!
2021-03-24 10:29:05,804 [Worker-405: Building] INFO  o.e.m.c.i.embedder.EclipseLogger - Copying 0 resource
2021-03-24 10:34:37,956 [Worker-414: Building] WARN  o.e.m.c.i.embedder.EclipseLogger - Using platform encoding (Cp1252 actually) to copy filtered resources, i.e. build is platform dependent!
2021-03-24 10:34:37,959 [Worker-414: Building] INFO  o.e.m.c.i.embedder.EclipseLogger - Copying 0 resource
2021-03-24 10:34:37,961 [Worker-414: Building] WARN  o.e.m.c.i.embedder.EclipseLogger - Using platform encoding (Cp1252 actually) to copy filtered resources, i.e. build is platform dependent!
2021-03-24 10:34:37,962 [Worker-414: Building] INFO  o.e.m.c.i.embedder.EclipseLogger - Copying 0 resource
2021-03-24 10:50:12,525 [Worker-415: Building] WARN  o.e.m.c.i.embedder.EclipseLogger - Using platform encoding (Cp1252 actually) to copy filtered resources, i.e. build is platform dependent!
2021-03-24 10:50:12,526 [Worker-415: Building] INFO  o.e.m.c.i.embedder.EclipseLogger - Copying 0 resource
2021-03-24 10:50:12,528 [Worker-415: Building] WARN  o.e.m.c.i.embedder.EclipseLogger - Using platform encoding (Cp1252 actually) to copy filtered resources, i.e. build is platform dependent!
2021-03-24 10:50:12,528 [Worker-415: Building] INFO  o.e.m.c.i.embedder.EclipseLogger - Copying 0 resource
2021-03-24 10:56:56,849 [Worker-414: Building] WARN  o.e.m.c.i.embedder.EclipseLogger - Using platform encoding (Cp1252 actually) to copy filtered resources, i.e. build is platform dependent!
2021-03-24 10:56:56,850 [Worker-414: Building] INFO  o.e.m.c.i.embedder.EclipseLogger - Copying 0 resource
2021-03-24 10:56:56,851 [Worker-414: Building] WARN  o.e.m.c.i.embedder.EclipseLogger - Using platform encoding (Cp1252 actually) to copy filtered resources, i.e. build is platform dependent!
2021-03-24 10:56:56,851 [Worker-414: Building] INFO  o.e.m.c.i.embedder.EclipseLogger - Copying 0 resource
2021-03-24 11:33:37,376 [Worker-418: Launching MainDriver] WARN  o.e.m.c.i.embedder.EclipseLogger - Using platform encoding (Cp1252 actually) to copy filtered resources, i.e. build is platform dependent!
2021-03-24 11:33:37,379 [Worker-418: Launching MainDriver] INFO  o.e.m.c.i.embedder.EclipseLogger - Copying 0 resource
2021-03-24 11:33:37,381 [Worker-418: Launching MainDriver] WARN  o.e.m.c.i.embedder.EclipseLogger - Using platform encoding (Cp1252 actually) to copy filtered resources, i.e. build is platform dependent!
2021-03-24 11:33:37,383 [Worker-418: Launching MainDriver] INFO  o.e.m.c.i.embedder.EclipseLogger - Copying 0 resource
2021-03-24 13:00:27,016 [Worker-429: Building] WARN  o.e.m.c.i.embedder.EclipseLogger - Using platform encoding (Cp1252 actually) to copy filtered resources, i.e. build is platform dependent!
2021-03-24 13:00:27,017 [Worker-429: Building] INFO  o.e.m.c.i.embedder.EclipseLogger - Copying 0 resource
2021-03-24 13:00:27,018 [Worker-429: Building] WARN  o.e.m.c.i.embedder.EclipseLogger - Using platform encoding (Cp1252 actually) to copy filtered resources, i.e. build is platform dependent!
2021-03-24 13:00:27,018 [Worker-429: Building] INFO  o.e.m.c.i.embedder.EclipseLogger - Copying 0 resource
2021-03-24 13:16:36,928 [Worker-409: Launching MainDriver] WARN  o.e.m.c.i.embedder.EclipseLogger - Using platform encoding (Cp1252 actually) to copy filtered resources, i.e. build is platform dependent!
2021-03-24 13:16:36,930 [Worker-409: Launching MainDriver] INFO  o.e.m.c.i.embedder.EclipseLogger - Copying 0 resource
2021-03-24 13:16:36,932 [Worker-409: Launching MainDriver] WARN  o.e.m.c.i.embedder.EclipseLogger - Using platform encoding (Cp1252 actually) to copy filtered resources, i.e. build is platform dependent!
2021-03-24 13:16:36,933 [Worker-409: Launching MainDriver] INFO  o.e.m.c.i.embedder.EclipseLogger - Copying 0 resource
2021-03-24 13:18:44,576 [Worker-431: Launching MainDriver] WARN  o.e.m.c.i.embedder.EclipseLogger - Using platform encoding (Cp1252 actually) to copy filtered resources, i.e. build is platform dependent!
2021-03-24 13:18:44,577 [Worker-431: Launching MainDriver] INFO  o.e.m.c.i.embedder.EclipseLogger - Copying 0 resource
2021-03-24 13:18:44,579 [Worker-431: Launching MainDriver] WARN  o.e.m.c.i.embedder.EclipseLogger - Using platform encoding (Cp1252 actually) to copy filtered resources, i.e. build is platform dependent!
2021-03-24 13:18:44,580 [Worker-431: Launching MainDriver] INFO  o.e.m.c.i.embedder.EclipseLogger - Copying 0 resource
2021-03-24 13:24:33,521 [Worker-431: Launching MainDriver] WARN  o.e.m.c.i.embedder.EclipseLogger - Using platform encoding (Cp1252 actually) to copy filtered resources, i.e. build is platform dependent!
2021-03-24 13:24:33,523 [Worker-431: Launching MainDriver] INFO  o.e.m.c.i.embedder.EclipseLogger - Copying 0 resource
2021-03-24 13:24:33,525 [Worker-431: Launching MainDriver] WARN  o.e.m.c.i.embedder.EclipseLogger - Using platform encoding (Cp1252 actually) to copy filtered resources, i.e. build is platform dependent!
2021-03-24 13:24:33,526 [Worker-431: Launching MainDriver] INFO  o.e.m.c.i.embedder.EclipseLogger - Copying 0 resource
2021-03-24 13:29:49,527 [Worker-435: Launching MainDriver] WARN  o.e.m.c.i.embedder.EclipseLogger - Using platform encoding (Cp1252 actually) to copy filtered resources, i.e. build is platform dependent!
2021-03-24 13:29:49,529 [Worker-435: Launching MainDriver] INFO  o.e.m.c.i.embedder.EclipseLogger - Copying 0 resource
2021-03-24 13:29:49,530 [Worker-435: Launching MainDriver] WARN  o.e.m.c.i.embedder.EclipseLogger - Using platform encoding (Cp1252 actually) to copy filtered resources, i.e. build is platform dependent!
2021-03-24 13:29:49,531 [Worker-435: Launching MainDriver] INFO  o.e.m.c.i.embedder.EclipseLogger - Copying 0 resource
2021-03-24 13:34:21,036 [Worker-436: Building] WARN  o.e.m.c.i.embedder.EclipseLogger - Using platform encoding (Cp1252 actually) to copy filtered resources, i.e. build is platform dependent!
2021-03-24 13:34:21,038 [Worker-436: Building] INFO  o.e.m.c.i.embedder.EclipseLogger - Copying 0 resource
2021-03-24 13:34:21,039 [Worker-436: Building] WARN  o.e.m.c.i.embedder.EclipseLogger - Using platform encoding (Cp1252 actually) to copy filtered resources, i.e. build is platform dependent!
2021-03-24 13:34:21,040 [Worker-436: Building] INFO  o.e.m.c.i.embedder.EclipseLogger - Copying 0 resource
2021-03-24 13:38:57,104 [Worker-439: Building] WARN  o.e.m.c.i.embedder.EclipseLogger - Using platform encoding (Cp1252 actually) to copy filtered resources, i.e. build is platform dependent!
2021-03-24 13:38:57,105 [Worker-439: Building] INFO  o.e.m.c.i.embedder.EclipseLogger - Copying 0 resource
2021-03-24 13:38:57,106 [Worker-439: Building] WARN  o.e.m.c.i.embedder.EclipseLogger - Using platform encoding (Cp1252 actually) to copy filtered resources, i.e. build is platform dependent!
2021-03-24 13:38:57,107 [Worker-439: Building] INFO  o.e.m.c.i.embedder.EclipseLogger - Copying 0 resource
2021-03-24 14:34:26,602 [Worker-435: Building] WARN  o.e.m.c.i.embedder.EclipseLogger - Using platform encoding (Cp1252 actually) to copy filtered resources, i.e. build is platform dependent!
2021-03-24 14:34:26,604 [Worker-435: Building] INFO  o.e.m.c.i.embedder.EclipseLogger - Copying 0 resource
2021-03-24 14:34:26,605 [Worker-435: Building] WARN  o.e.m.c.i.embedder.EclipseLogger - Using platform encoding (Cp1252 actually) to copy filtered resources, i.e. build is platform dependent!
2021-03-24 14:34:26,605 [Worker-435: Building] INFO  o.e.m.c.i.embedder.EclipseLogger - Copying 0 resource
2021-03-24 14:41:51,646 [Worker-447: Building] WARN  o.e.m.c.i.embedder.EclipseLogger - Using platform encoding (Cp1252 actually) to copy filtered resources, i.e. build is platform dependent!
2021-03-24 14:41:51,647 [Worker-447: Building] INFO  o.e.m.c.i.embedder.EclipseLogger - Copying 0 resource
2021-03-24 14:41:51,648 [Worker-447: Building] WARN  o.e.m.c.i.embedder.EclipseLogger - Using platform encoding (Cp1252 actually) to copy filtered resources, i.e. build is platform dependent!
2021-03-24 14:41:51,649 [Worker-447: Building] INFO  o.e.m.c.i.embedder.EclipseLogger - Copying 0 resource
2021-03-24 16:15:05,071 [Worker-456: Launching MainDriver] WARN  o.e.m.c.i.embedder.EclipseLogger - Using platform encoding (Cp1252 actually) to copy filtered resources, i.e. build is platform dependent!
2021-03-24 16:15:05,073 [Worker-456: Launching MainDriver] INFO  o.e.m.c.i.embedder.EclipseLogger - Copying 0 resource
2021-03-24 16:15:05,075 [Worker-456: Launching MainDriver] WARN  o.e.m.c.i.embedder.EclipseLogger - Using platform encoding (Cp1252 actually) to copy filtered resources, i.e. build is platform dependent!
2021-03-24 16:15:05,076 [Worker-456: Launching MainDriver] INFO  o.e.m.c.i.embedder.EclipseLogger - Copying 0 resource
2021-03-24 16:20:57,607 [Worker-459: Building] WARN  o.e.m.c.i.embedder.EclipseLogger - Using platform encoding (Cp1252 actually) to copy filtered resources, i.e. build is platform dependent!
2021-03-24 16:20:57,608 [Worker-459: Building] INFO  o.e.m.c.i.embedder.EclipseLogger - Copying 0 resource
2021-03-24 16:20:57,609 [Worker-459: Building] WARN  o.e.m.c.i.embedder.EclipseLogger - Using platform encoding (Cp1252 actually) to copy filtered resources, i.e. build is platform dependent!
2021-03-24 16:20:57,610 [Worker-459: Building] INFO  o.e.m.c.i.embedder.EclipseLogger - Copying 0 resource
2021-03-24 16:21:41,513 [Worker-460: Building] WARN  o.e.m.c.i.embedder.EclipseLogger - Using platform encoding (Cp1252 actually) to copy filtered resources, i.e. build is platform dependent!
2021-03-24 16:21:41,514 [Worker-460: Building] INFO  o.e.m.c.i.embedder.EclipseLogger - Copying 0 resource
2021-03-24 16:21:41,515 [Worker-460: Building] WARN  o.e.m.c.i.embedder.EclipseLogger - Using platform encoding (Cp1252 actually) to copy filtered resources, i.e. build is platform dependent!
2021-03-24 16:21:41,515 [Worker-460: Building] INFO  o.e.m.c.i.embedder.EclipseLogger - Copying 0 resource
2021-03-24 16:24:23,413 [Worker-461: Building] WARN  o.e.m.c.i.embedder.EclipseLogger - Using platform encoding (Cp1252 actually) to copy filtered resources, i.e. build is platform dependent!
2021-03-24 16:24:23,414 [Worker-461: Building] INFO  o.e.m.c.i.embedder.EclipseLogger - Copying 0 resource
2021-03-24 16:24:23,416 [Worker-461: Building] WARN  o.e.m.c.i.embedder.EclipseLogger - Using platform encoding (Cp1252 actually) to copy filtered resources, i.e. build is platform dependent!
2021-03-24 16:24:23,416 [Worker-461: Building] INFO  o.e.m.c.i.embedder.EclipseLogger - Copying 0 resource
2021-03-24 16:41:22,319 [Worker-464: Launching MainDriver] WARN  o.e.m.c.i.embedder.EclipseLogger - Using platform encoding (Cp1252 actually) to copy filtered resources, i.e. build is platform dependent!
2021-03-24 16:41:22,321 [Worker-464: Launching MainDriver] INFO  o.e.m.c.i.embedder.EclipseLogger - Copying 0 resource
2021-03-24 16:41:22,321 [Worker-464: Launching MainDriver] WARN  o.e.m.c.i.embedder.EclipseLogger - Using platform encoding (Cp1252 actually) to copy filtered resources, i.e. build is platform dependent!
2021-03-24 16:41:22,322 [Worker-464: Launching MainDriver] INFO  o.e.m.c.i.embedder.EclipseLogger - Copying 0 resource
2021-03-24 16:42:39,795 [Worker-462: Launching MainDriver] WARN  o.e.m.c.i.embedder.EclipseLogger - Using platform encoding (Cp1252 actually) to copy filtered resources, i.e. build is platform dependent!
2021-03-24 16:42:39,796 [Worker-462: Launching MainDriver] INFO  o.e.m.c.i.embedder.EclipseLogger - Copying 0 resource
2021-03-24 16:42:39,797 [Worker-462: Launching MainDriver] WARN  o.e.m.c.i.embedder.EclipseLogger - Using platform encoding (Cp1252 actually) to copy filtered resources, i.e. build is platform dependent!
2021-03-24 16:42:39,798 [Worker-462: Launching MainDriver] INFO  o.e.m.c.i.embedder.EclipseLogger - Copying 0 resource
2021-03-24 17:23:45,822 [Worker-472: Launching MainDriver] WARN  o.e.m.c.i.embedder.EclipseLogger - Using platform encoding (Cp1252 actually) to copy filtered resources, i.e. build is platform dependent!
2021-03-24 17:23:45,824 [Worker-472: Launching MainDriver] INFO  o.e.m.c.i.embedder.EclipseLogger - Copying 0 resource
2021-03-24 17:23:45,825 [Worker-472: Launching MainDriver] WARN  o.e.m.c.i.embedder.EclipseLogger - Using platform encoding (Cp1252 actually) to copy filtered resources, i.e. build is platform dependent!
2021-03-24 17:23:45,826 [Worker-472: Launching MainDriver] INFO  o.e.m.c.i.embedder.EclipseLogger - Copying 0 resource
2021-03-24 17:29:43,039 [Worker-469: Building] WARN  o.e.m.c.i.embedder.EclipseLogger - Using platform encoding (Cp1252 actually) to copy filtered resources, i.e. build is platform dependent!
2021-03-24 17:29:43,040 [Worker-469: Building] INFO  o.e.m.c.i.embedder.EclipseLogger - Copying 0 resource
2021-03-24 17:29:43,041 [Worker-469: Building] WARN  o.e.m.c.i.embedder.EclipseLogger - Using platform encoding (Cp1252 actually) to copy filtered resources, i.e. build is platform dependent!
2021-03-24 17:29:43,041 [Worker-469: Building] INFO  o.e.m.c.i.embedder.EclipseLogger - Copying 0 resource
2021-03-24 18:34:00,458 [Worker-479: Launching MainDriver] WARN  o.e.m.c.i.embedder.EclipseLogger - Using platform encoding (Cp1252 actually) to copy filtered resources, i.e. build is platform dependent!
2021-03-24 18:34:00,462 [Worker-479: Launching MainDriver] INFO  o.e.m.c.i.embedder.EclipseLogger - Copying 0 resource
2021-03-24 18:34:00,464 [Worker-479: Launching MainDriver] WARN  o.e.m.c.i.embedder.EclipseLogger - Using platform encoding (Cp1252 actually) to copy filtered resources, i.e. build is platform dependent!
2021-03-24 18:34:00,465 [Worker-479: Launching MainDriver] INFO  o.e.m.c.i.embedder.EclipseLogger - Copying 0 resource
2021-03-24 18:48:37,777 [Worker-471: Launching MainDriver] WARN  o.e.m.c.i.embedder.EclipseLogger - Using platform encoding (Cp1252 actually) to copy filtered resources, i.e. build is platform dependent!
2021-03-24 18:48:37,778 [Worker-471: Launching MainDriver] INFO  o.e.m.c.i.embedder.EclipseLogger - Copying 0 resource
2021-03-24 18:48:37,779 [Worker-471: Launching MainDriver] WARN  o.e.m.c.i.embedder.EclipseLogger - Using platform encoding (Cp1252 actually) to copy filtered resources, i.e. build is platform dependent!
2021-03-24 18:48:37,780 [Worker-471: Launching MainDriver] INFO  o.e.m.c.i.embedder.EclipseLogger - Copying 0 resource
2021-03-24 18:57:24,082 [Worker-477: Launching MainDriver] WARN  o.e.m.c.i.embedder.EclipseLogger - Using platform encoding (Cp1252 actually) to copy filtered resources, i.e. build is platform dependent!
2021-03-24 18:57:24,083 [Worker-477: Launching MainDriver] INFO  o.e.m.c.i.embedder.EclipseLogger - Copying 0 resource
2021-03-24 18:57:24,084 [Worker-477: Launching MainDriver] WARN  o.e.m.c.i.embedder.EclipseLogger - Using platform encoding (Cp1252 actually) to copy filtered resources, i.e. build is platform dependent!
2021-03-24 18:57:24,084 [Worker-477: Launching MainDriver] INFO  o.e.m.c.i.embedder.EclipseLogger - Copying 0 resource
2021-03-24 19:01:27,396 [Worker-477: Building] WARN  o.e.m.c.i.embedder.EclipseLogger - Using platform encoding (Cp1252 actually) to copy filtered resources, i.e. build is platform dependent!
2021-03-24 19:01:27,397 [Worker-477: Building] INFO  o.e.m.c.i.embedder.EclipseLogger - Copying 0 resource
2021-03-24 19:01:27,398 [Worker-477: Building] WARN  o.e.m.c.i.embedder.EclipseLogger - Using platform encoding (Cp1252 actually) to copy filtered resources, i.e. build is platform dependent!
2021-03-24 19:01:27,398 [Worker-477: Building] INFO  o.e.m.c.i.embedder.EclipseLogger - Copying 0 resource
2021-03-24 19:29:34,558 [Worker-483: Launching MainDriver] WARN  o.e.m.c.i.embedder.EclipseLogger - Using platform encoding (Cp1252 actually) to copy filtered resources, i.e. build is platform dependent!
2021-03-24 19:29:34,560 [Worker-483: Launching MainDriver] INFO  o.e.m.c.i.embedder.EclipseLogger - Copying 0 resource
2021-03-24 19:29:34,562 [Worker-483: Launching MainDriver] WARN  o.e.m.c.i.embedder.EclipseLogger - Using platform encoding (Cp1252 actually) to copy filtered resources, i.e. build is platform dependent!
2021-03-24 19:29:34,563 [Worker-483: Launching MainDriver] INFO  o.e.m.c.i.embedder.EclipseLogger - Copying 0 resource
2021-03-24 19:37:51,948 [Worker-489: Launching MainDriver] WARN  o.e.m.c.i.embedder.EclipseLogger - Using platform encoding (Cp1252 actually) to copy filtered resources, i.e. build is platform dependent!
2021-03-24 19:37:51,950 [Worker-489: Launching MainDriver] INFO  o.e.m.c.i.embedder.EclipseLogger - Copying 0 resource
2021-03-24 19:37:51,951 [Worker-489: Launching MainDriver] WARN  o.e.m.c.i.embedder.EclipseLogger - Using platform encoding (Cp1252 actually) to copy filtered resources, i.e. build is platform dependent!
2021-03-24 19:37:51,952 [Worker-489: Launching MainDriver] INFO  o.e.m.c.i.embedder.EclipseLogger - Copying 0 resource
2021-03-24 19:38:32,209 [Worker-487: Launching MainDriver] WARN  o.e.m.c.i.embedder.EclipseLogger - Using platform encoding (Cp1252 actually) to copy filtered resources, i.e. build is platform dependent!
2021-03-24 19:38:32,210 [Worker-487: Launching MainDriver] INFO  o.e.m.c.i.embedder.EclipseLogger - Copying 0 resource
2021-03-24 19:38:32,211 [Worker-487: Launching MainDriver] WARN  o.e.m.c.i.embedder.EclipseLogger - Using platform encoding (Cp1252 actually) to copy filtered resources, i.e. build is platform dependent!
2021-03-24 19:38:32,211 [Worker-487: Launching MainDriver] INFO  o.e.m.c.i.embedder.EclipseLogger - Copying 0 resource
2021-03-24 19:39:32,614 [Worker-487: Launching MainDriver] WARN  o.e.m.c.i.embedder.EclipseLogger - Using platform encoding (Cp1252 actually) to copy filtered resources, i.e. build is platform dependent!
2021-03-24 19:39:32,615 [Worker-487: Launching MainDriver] INFO  o.e.m.c.i.embedder.EclipseLogger - Copying 0 resource
2021-03-24 19:39:32,616 [Worker-487: Launching MainDriver] WARN  o.e.m.c.i.embedder.EclipseLogger - Using platform encoding (Cp1252 actually) to copy filtered resources, i.e. build is platform dependent!
2021-03-24 19:39:32,616 [Worker-487: Launching MainDriver] INFO  o.e.m.c.i.embedder.EclipseLogger - Copying 0 resource
2021-03-24 19:45:28,013 [Worker-487: Building] WARN  o.e.m.c.i.embedder.EclipseLogger - Using platform encoding (Cp1252 actually) to copy filtered resources, i.e. build is platform dependent!
2021-03-24 19:45:28,014 [Worker-487: Building] INFO  o.e.m.c.i.embedder.EclipseLogger - Copying 0 resource
2021-03-24 19:45:28,015 [Worker-487: Building] WARN  o.e.m.c.i.embedder.EclipseLogger - Using platform encoding (Cp1252 actually) to copy filtered resources, i.e. build is platform dependent!
2021-03-24 19:45:28,016 [Worker-487: Building] INFO  o.e.m.c.i.embedder.EclipseLogger - Copying 0 resource
2021-03-24 21:00:46,640 [Worker-497: Building] WARN  o.e.m.c.i.embedder.EclipseLogger - Using platform encoding (Cp1252 actually) to copy filtered resources, i.e. build is platform dependent!
2021-03-24 21:00:46,643 [Worker-497: Building] INFO  o.e.m.c.i.embedder.EclipseLogger - Copying 0 resource
2021-03-24 21:00:46,645 [Worker-497: Building] WARN  o.e.m.c.i.embedder.EclipseLogger - Using platform encoding (Cp1252 actually) to copy filtered resources, i.e. build is platform dependent!
2021-03-24 21:00:46,645 [Worker-497: Building] INFO  o.e.m.c.i.embedder.EclipseLogger - Copying 0 resource
2021-03-24 21:05:50,054 [Worker-501: Building] WARN  o.e.m.c.i.embedder.EclipseLogger - Using platform encoding (Cp1252 actually) to copy filtered resources, i.e. build is platform dependent!
2021-03-24 21:05:50,055 [Worker-501: Building] INFO  o.e.m.c.i.embedder.EclipseLogger - Copying 0 resource
2021-03-24 21:05:50,056 [Worker-501: Building] WARN  o.e.m.c.i.embedder.EclipseLogger - Using platform encoding (Cp1252 actually) to copy filtered resources, i.e. build is platform dependent!
2021-03-24 21:05:50,056 [Worker-501: Building] INFO  o.e.m.c.i.embedder.EclipseLogger - Copying 0 resource
2021-03-24 21:10:24,756 [Worker-495: Building] WARN  o.e.m.c.i.embedder.EclipseLogger - Using platform encoding (Cp1252 actually) to copy filtered resources, i.e. build is platform dependent!
2021-03-24 21:10:24,757 [Worker-495: Building] INFO  o.e.m.c.i.embedder.EclipseLogger - Copying 0 resource
2021-03-24 21:10:24,758 [Worker-495: Building] WARN  o.e.m.c.i.embedder.EclipseLogger - Using platform encoding (Cp1252 actually) to copy filtered resources, i.e. build is platform dependent!
2021-03-24 21:10:24,759 [Worker-495: Building] INFO  o.e.m.c.i.embedder.EclipseLogger - Copying 0 resource
2021-03-24 21:11:51,667 [Worker-500: Building] WARN  o.e.m.c.i.embedder.EclipseLogger - Using platform encoding (Cp1252 actually) to copy filtered resources, i.e. build is platform dependent!
2021-03-24 21:11:51,668 [Worker-500: Building] INFO  o.e.m.c.i.embedder.EclipseLogger - Copying 0 resource
2021-03-24 21:11:51,668 [Worker-500: Building] WARN  o.e.m.c.i.embedder.EclipseLogger - Using platform encoding (Cp1252 actually) to copy filtered resources, i.e. build is platform dependent!
2021-03-24 21:11:51,669 [Worker-500: Building] INFO  o.e.m.c.i.embedder.EclipseLogger - Copying 0 resource
2021-03-24 21:12:01,960 [Worker-498: Launching MainDriver] WARN  o.e.m.c.i.embedder.EclipseLogger - Using platform encoding (Cp1252 actually) to copy filtered resources, i.e. build is platform dependent!
2021-03-24 21:12:01,961 [Worker-498: Launching MainDriver] INFO  o.e.m.c.i.embedder.EclipseLogger - Copying 0 resource
2021-03-24 21:12:01,962 [Worker-498: Launching MainDriver] WARN  o.e.m.c.i.embedder.EclipseLogger - Using platform encoding (Cp1252 actually) to copy filtered resources, i.e. build is platform dependent!
2021-03-24 21:12:01,962 [Worker-498: Launching MainDriver] INFO  o.e.m.c.i.embedder.EclipseLogger - Copying 0 resource
2021-03-24 21:19:10,025 [Worker-489: Launching MainDriver] WARN  o.e.m.c.i.embedder.EclipseLogger - Using platform encoding (Cp1252 actually) to copy filtered resources, i.e. build is platform dependent!
2021-03-24 21:19:10,026 [Worker-489: Launching MainDriver] INFO  o.e.m.c.i.embedder.EclipseLogger - Copying 0 resource
2021-03-24 21:19:10,027 [Worker-489: Launching MainDriver] WARN  o.e.m.c.i.embedder.EclipseLogger - Using platform encoding (Cp1252 actually) to copy filtered resources, i.e. build is platform dependent!
2021-03-24 21:19:10,028 [Worker-489: Launching MainDriver] INFO  o.e.m.c.i.embedder.EclipseLogger - Copying 0 resource
2021-03-24 22:08:28,155 [Worker-507: Building] WARN  o.e.m.c.i.embedder.EclipseLogger - Using platform encoding (Cp1252 actually) to copy filtered resources, i.e. build is platform dependent!
2021-03-24 22:08:28,157 [Worker-507: Building] INFO  o.e.m.c.i.embedder.EclipseLogger - Copying 0 resource
2021-03-24 22:08:28,158 [Worker-507: Building] WARN  o.e.m.c.i.embedder.EclipseLogger - Using platform encoding (Cp1252 actually) to copy filtered resources, i.e. build is platform dependent!
2021-03-24 22:08:28,158 [Worker-507: Building] INFO  o.e.m.c.i.embedder.EclipseLogger - Copying 0 resource
2021-03-24 22:46:09,610 [Worker-508: Launching MainDriver] WARN  o.e.m.c.i.embedder.EclipseLogger - Using platform encoding (Cp1252 actually) to copy filtered resources, i.e. build is platform dependent!
2021-03-24 22:46:09,611 [Worker-508: Launching MainDriver] INFO  o.e.m.c.i.embedder.EclipseLogger - Copying 0 resource
2021-03-24 22:46:09,613 [Worker-508: Launching MainDriver] WARN  o.e.m.c.i.embedder.EclipseLogger - Using platform encoding (Cp1252 actually) to copy filtered resources, i.e. build is platform dependent!
2021-03-24 22:46:09,614 [Worker-508: Launching MainDriver] INFO  o.e.m.c.i.embedder.EclipseLogger - Copying 0 resource
2021-03-24 22:47:19,518 [Worker-512: Launching MainDriver] WARN  o.e.m.c.i.embedder.EclipseLogger - Using platform encoding (Cp1252 actually) to copy filtered resources, i.e. build is platform dependent!
2021-03-24 22:47:19,519 [Worker-512: Launching MainDriver] INFO  o.e.m.c.i.embedder.EclipseLogger - Copying 0 resource
2021-03-24 22:47:19,519 [Worker-512: Launching MainDriver] WARN  o.e.m.c.i.embedder.EclipseLogger - Using platform encoding (Cp1252 actually) to copy filtered resources, i.e. build is platform dependent!
2021-03-24 22:47:19,520 [Worker-512: Launching MainDriver] INFO  o.e.m.c.i.embedder.EclipseLogger - Copying 0 resource
2021-03-24 22:51:43,412 [Worker-508: Launching MainDriver] WARN  o.e.m.c.i.embedder.EclipseLogger - Using platform encoding (Cp1252 actually) to copy filtered resources, i.e. build is platform dependent!
2021-03-24 22:51:43,413 [Worker-508: Launching MainDriver] INFO  o.e.m.c.i.embedder.EclipseLogger - Copying 0 resource
2021-03-24 22:51:43,413 [Worker-508: Launching MainDriver] WARN  o.e.m.c.i.embedder.EclipseLogger - Using platform encoding (Cp1252 actually) to copy filtered resources, i.e. build is platform dependent!
2021-03-24 22:51:43,414 [Worker-508: Launching MainDriver] INFO  o.e.m.c.i.embedder.EclipseLogger - Copying 0 resource
2021-03-24 22:55:57,423 [Worker-514: Launching MainDriver] WARN  o.e.m.c.i.embedder.EclipseLogger - Using platform encoding (Cp1252 actually) to copy filtered resources, i.e. build is platform dependent!
2021-03-24 22:55:57,423 [Worker-514: Launching MainDriver] INFO  o.e.m.c.i.embedder.EclipseLogger - Copying 0 resource
2021-03-24 22:55:57,425 [Worker-514: Launching MainDriver] WARN  o.e.m.c.i.embedder.EclipseLogger - Using platform encoding (Cp1252 actually) to copy filtered resources, i.e. build is platform dependent!
2021-03-24 22:55:57,425 [Worker-514: Launching MainDriver] INFO  o.e.m.c.i.embedder.EclipseLogger - Copying 0 resource
2021-03-24 23:12:35,158 [Worker-508: Building] WARN  o.e.m.c.i.embedder.EclipseLogger - Using platform encoding (Cp1252 actually) to copy filtered resources, i.e. build is platform dependent!
2021-03-24 23:12:35,159 [Worker-508: Building] INFO  o.e.m.c.i.embedder.EclipseLogger - Copying 0 resource
2021-03-24 23:12:35,160 [Worker-508: Building] WARN  o.e.m.c.i.embedder.EclipseLogger - Using platform encoding (Cp1252 actually) to copy filtered resources, i.e. build is platform dependent!
2021-03-24 23:12:35,160 [Worker-508: Building] INFO  o.e.m.c.i.embedder.EclipseLogger - Copying 0 resource
2021-03-24 23:44:56,547 [Worker-512: Launching MainDriver] WARN  o.e.m.c.i.embedder.EclipseLogger - Using platform encoding (Cp1252 actually) to copy filtered resources, i.e. build is platform dependent!
2021-03-24 23:44:56,548 [Worker-512: Launching MainDriver] INFO  o.e.m.c.i.embedder.EclipseLogger - Copying 0 resource
2021-03-24 23:44:56,549 [Worker-512: Launching MainDriver] WARN  o.e.m.c.i.embedder.EclipseLogger - Using platform encoding (Cp1252 actually) to copy filtered resources, i.e. build is platform dependent!
2021-03-24 23:44:56,550 [Worker-512: Launching MainDriver] INFO  o.e.m.c.i.embedder.EclipseLogger - Copying 0 resource
2021-03-24 23:46:05,134 [Worker-520: Launching MainDriver] WARN  o.e.m.c.i.embedder.EclipseLogger - Using platform encoding (Cp1252 actually) to copy filtered resources, i.e. build is platform dependent!
2021-03-24 23:46:05,135 [Worker-520: Launching MainDriver] INFO  o.e.m.c.i.embedder.EclipseLogger - Copying 0 resource
2021-03-24 23:46:05,136 [Worker-520: Launching MainDriver] WARN  o.e.m.c.i.embedder.EclipseLogger - Using platform encoding (Cp1252 actually) to copy filtered resources, i.e. build is platform dependent!
2021-03-24 23:46:05,136 [Worker-520: Launching MainDriver] INFO  o.e.m.c.i.embedder.EclipseLogger - Copying 0 resource
2021-03-24 23:49:06,356 [Worker-512: Building] WARN  o.e.m.c.i.embedder.EclipseLogger - Using platform encoding (Cp1252 actually) to copy filtered resources, i.e. build is platform dependent!
2021-03-24 23:49:06,357 [Worker-512: Building] INFO  o.e.m.c.i.embedder.EclipseLogger - Copying 0 resource
2021-03-24 23:49:06,358 [Worker-512: Building] WARN  o.e.m.c.i.embedder.EclipseLogger - Using platform encoding (Cp1252 actually) to copy filtered resources, i.e. build is platform dependent!
2021-03-24 23:49:06,359 [Worker-512: Building] INFO  o.e.m.c.i.embedder.EclipseLogger - Copying 0 resource
2021-03-25 01:24:38,425 [Worker-512: Building] WARN  o.e.m.c.i.embedder.EclipseLogger - Using platform encoding (Cp1252 actually) to copy filtered resources, i.e. build is platform dependent!
2021-03-25 01:24:38,427 [Worker-512: Building] INFO  o.e.m.c.i.embedder.EclipseLogger - Copying 0 resource
2021-03-25 01:24:38,427 [Worker-512: Building] WARN  o.e.m.c.i.embedder.EclipseLogger - Using platform encoding (Cp1252 actually) to copy filtered resources, i.e. build is platform dependent!
2021-03-25 01:24:38,428 [Worker-512: Building] INFO  o.e.m.c.i.embedder.EclipseLogger - Copying 0 resource
2021-03-25 01:25:20,626 [Worker-538: Launching MainDriver] WARN  o.e.m.c.i.embedder.EclipseLogger - Using platform encoding (Cp1252 actually) to copy filtered resources, i.e. build is platform dependent!
2021-03-25 01:25:20,627 [Worker-538: Launching MainDriver] INFO  o.e.m.c.i.embedder.EclipseLogger - Copying 0 resource
2021-03-25 01:25:20,627 [Worker-538: Launching MainDriver] WARN  o.e.m.c.i.embedder.EclipseLogger - Using platform encoding (Cp1252 actually) to copy filtered resources, i.e. build is platform dependent!
2021-03-25 01:25:20,628 [Worker-538: Launching MainDriver] INFO  o.e.m.c.i.embedder.EclipseLogger - Copying 0 resource
2021-03-25 01:29:56,931 [Worker-541: Launching MainDriver] WARN  o.e.m.c.i.embedder.EclipseLogger - Using platform encoding (Cp1252 actually) to copy filtered resources, i.e. build is platform dependent!
2021-03-25 01:29:56,932 [Worker-541: Launching MainDriver] INFO  o.e.m.c.i.embedder.EclipseLogger - Copying 0 resource
2021-03-25 01:29:56,933 [Worker-541: Launching MainDriver] WARN  o.e.m.c.i.embedder.EclipseLogger - Using platform encoding (Cp1252 actually) to copy filtered resources, i.e. build is platform dependent!
2021-03-25 01:29:56,933 [Worker-541: Launching MainDriver] INFO  o.e.m.c.i.embedder.EclipseLogger - Copying 0 resource
2021-03-25 01:31:55,632 [Worker-541: Launching MainDriver] WARN  o.e.m.c.i.embedder.EclipseLogger - Using platform encoding (Cp1252 actually) to copy filtered resources, i.e. build is platform dependent!
2021-03-25 01:31:55,633 [Worker-541: Launching MainDriver] INFO  o.e.m.c.i.embedder.EclipseLogger - Copying 0 resource
2021-03-25 01:31:55,634 [Worker-541: Launching MainDriver] WARN  o.e.m.c.i.embedder.EclipseLogger - Using platform encoding (Cp1252 actually) to copy filtered resources, i.e. build is platform dependent!
2021-03-25 01:31:55,634 [Worker-541: Launching MainDriver] INFO  o.e.m.c.i.embedder.EclipseLogger - Copying 0 resource
2021-03-25 01:39:47,758 [Worker-538: Building] WARN  o.e.m.c.i.embedder.EclipseLogger - Using platform encoding (Cp1252 actually) to copy filtered resources, i.e. build is platform dependent!
2021-03-25 01:39:47,759 [Worker-538: Building] INFO  o.e.m.c.i.embedder.EclipseLogger - Copying 0 resource
2021-03-25 01:39:47,760 [Worker-538: Building] WARN  o.e.m.c.i.embedder.EclipseLogger - Using platform encoding (Cp1252 actually) to copy filtered resources, i.e. build is platform dependent!
2021-03-25 01:39:47,761 [Worker-538: Building] INFO  o.e.m.c.i.embedder.EclipseLogger - Copying 0 resource
2021-03-25 01:40:36,676 [Worker-545: Launching MainDriver] WARN  o.e.m.c.i.embedder.EclipseLogger - Using platform encoding (Cp1252 actually) to copy filtered resources, i.e. build is platform dependent!
2021-03-25 01:40:36,677 [Worker-545: Launching MainDriver] INFO  o.e.m.c.i.embedder.EclipseLogger - Copying 0 resource
2021-03-25 01:40:36,677 [Worker-545: Launching MainDriver] WARN  o.e.m.c.i.embedder.EclipseLogger - Using platform encoding (Cp1252 actually) to copy filtered resources, i.e. build is platform dependent!
2021-03-25 01:40:36,678 [Worker-545: Launching MainDriver] INFO  o.e.m.c.i.embedder.EclipseLogger - Copying 0 resource
2021-03-25 01:56:18,787 [Worker-538: Launching MainDriver] WARN  o.e.m.c.i.embedder.EclipseLogger - Using platform encoding (Cp1252 actually) to copy filtered resources, i.e. build is platform dependent!
2021-03-25 01:56:18,788 [Worker-538: Launching MainDriver] INFO  o.e.m.c.i.embedder.EclipseLogger - Copying 0 resource
2021-03-25 01:56:18,788 [Worker-538: Launching MainDriver] WARN  o.e.m.c.i.embedder.EclipseLogger - Using platform encoding (Cp1252 actually) to copy filtered resources, i.e. build is platform dependent!
2021-03-25 01:56:18,789 [Worker-538: Launching MainDriver] INFO  o.e.m.c.i.embedder.EclipseLogger - Copying 0 resource
2021-03-25 01:56:46,239 [Worker-547: Launching MainDriver] WARN  o.e.m.c.i.embedder.EclipseLogger - Using platform encoding (Cp1252 actually) to copy filtered resources, i.e. build is platform dependent!
2021-03-25 01:56:46,240 [Worker-547: Launching MainDriver] INFO  o.e.m.c.i.embedder.EclipseLogger - Copying 0 resource
2021-03-25 01:56:46,241 [Worker-547: Launching MainDriver] WARN  o.e.m.c.i.embedder.EclipseLogger - Using platform encoding (Cp1252 actually) to copy filtered resources, i.e. build is platform dependent!
2021-03-25 01:56:46,241 [Worker-547: Launching MainDriver] INFO  o.e.m.c.i.embedder.EclipseLogger - Copying 0 resource
2021-03-25 02:10:52,381 [Worker-550: Launching MainDriver] WARN  o.e.m.c.i.embedder.EclipseLogger - Using platform encoding (Cp1252 actually) to copy filtered resources, i.e. build is platform dependent!
2021-03-25 02:10:52,383 [Worker-550: Launching MainDriver] INFO  o.e.m.c.i.embedder.EclipseLogger - Copying 0 resource
2021-03-25 02:10:52,383 [Worker-550: Launching MainDriver] WARN  o.e.m.c.i.embedder.EclipseLogger - Using platform encoding (Cp1252 actually) to copy filtered resources, i.e. build is platform dependent!
2021-03-25 02:10:52,384 [Worker-550: Launching MainDriver] INFO  o.e.m.c.i.embedder.EclipseLogger - Copying 0 resource
2021-03-25 02:11:13,608 [Worker-551: Launching MainDriver] WARN  o.e.m.c.i.embedder.EclipseLogger - Using platform encoding (Cp1252 actually) to copy filtered resources, i.e. build is platform dependent!
2021-03-25 02:11:13,609 [Worker-551: Launching MainDriver] INFO  o.e.m.c.i.embedder.EclipseLogger - Copying 0 resource
2021-03-25 02:11:13,610 [Worker-551: Launching MainDriver] WARN  o.e.m.c.i.embedder.EclipseLogger - Using platform encoding (Cp1252 actually) to copy filtered resources, i.e. build is platform dependent!
2021-03-25 02:11:13,611 [Worker-551: Launching MainDriver] INFO  o.e.m.c.i.embedder.EclipseLogger - Copying 0 resource
2021-03-25 02:22:50,896 [Worker-536: Launching MainDriver] WARN  o.e.m.c.i.embedder.EclipseLogger - Using platform encoding (Cp1252 actually) to copy filtered resources, i.e. build is platform dependent!
2021-03-25 02:22:50,897 [Worker-536: Launching MainDriver] INFO  o.e.m.c.i.embedder.EclipseLogger - Copying 0 resource
2021-03-25 02:22:50,898 [Worker-536: Launching MainDriver] WARN  o.e.m.c.i.embedder.EclipseLogger - Using platform encoding (Cp1252 actually) to copy filtered resources, i.e. build is platform dependent!
2021-03-25 02:22:50,899 [Worker-536: Launching MainDriver] INFO  o.e.m.c.i.embedder.EclipseLogger - Copying 0 resource
2021-03-25 03:03:27,815 [Worker-547: Building] WARN  o.e.m.c.i.embedder.EclipseLogger - Using platform encoding (Cp1252 actually) to copy filtered resources, i.e. build is platform dependent!
2021-03-25 03:03:27,817 [Worker-547: Building] INFO  o.e.m.c.i.embedder.EclipseLogger - Copying 0 resource
2021-03-25 03:03:27,817 [Worker-547: Building] WARN  o.e.m.c.i.embedder.EclipseLogger - Using platform encoding (Cp1252 actually) to copy filtered resources, i.e. build is platform dependent!
2021-03-25 03:03:27,818 [Worker-547: Building] INFO  o.e.m.c.i.embedder.EclipseLogger - Copying 0 resource
2021-03-25 03:05:03,284 [Worker-555: Launching MainDriver] WARN  o.e.m.c.i.embedder.EclipseLogger - Using platform encoding (Cp1252 actually) to copy filtered resources, i.e. build is platform dependent!
2021-03-25 03:05:03,285 [Worker-555: Launching MainDriver] INFO  o.e.m.c.i.embedder.EclipseLogger - Copying 0 resource
2021-03-25 03:05:03,286 [Worker-555: Launching MainDriver] WARN  o.e.m.c.i.embedder.EclipseLogger - Using platform encoding (Cp1252 actually) to copy filtered resources, i.e. build is platform dependent!
2021-03-25 03:05:03,286 [Worker-555: Launching MainDriver] INFO  o.e.m.c.i.embedder.EclipseLogger - Copying 0 resource
2021-03-25 03:07:32,482 [Worker-549: Building] WARN  o.e.m.c.i.embedder.EclipseLogger - Using platform encoding (Cp1252 actually) to copy filtered resources, i.e. build is platform dependent!
2021-03-25 03:07:32,483 [Worker-549: Building] INFO  o.e.m.c.i.embedder.EclipseLogger - Copying 0 resource
2021-03-25 03:07:32,485 [Worker-549: Building] WARN  o.e.m.c.i.embedder.EclipseLogger - Using platform encoding (Cp1252 actually) to copy filtered resources, i.e. build is platform dependent!
2021-03-25 03:07:32,485 [Worker-549: Building] INFO  o.e.m.c.i.embedder.EclipseLogger - Copying 0 resource
2021-03-25 03:13:18,101 [Worker-549: Building] WARN  o.e.m.c.i.embedder.EclipseLogger - Using platform encoding (Cp1252 actually) to copy filtered resources, i.e. build is platform dependent!
2021-03-25 03:13:18,103 [Worker-549: Building] INFO  o.e.m.c.i.embedder.EclipseLogger - Copying 0 resource
2021-03-25 03:13:18,113 [Worker-549: Building] WARN  o.e.m.c.i.embedder.EclipseLogger - Using platform encoding (Cp1252 actually) to copy filtered resources, i.e. build is platform dependent!
2021-03-25 03:13:18,114 [Worker-549: Building] INFO  o.e.m.c.i.embedder.EclipseLogger - Copying 0 resource
